  [4;36;1mSQL (1.0ms)[0m   [0;1mSET NAMES 'utf8'[0m
  [4;35;1mSQL (17.7ms)[0m   [0mSET SQL_AUTO_IS_NULL=0[0m
  [4;36;1mSQL (6.0ms)[0m   [0;1mSHOW TABLES[0m
  [4;35;1mSQL (636.1ms)[0m   [0mCREATE TABLE `schema_migrations` (`version` varchar(255) NOT NULL) ENGINE=InnoDB[0m
  [4;36;1mSQL (450.2ms)[0m   [0;1mCREATE UNIQUE INDEX `unique_schema_migrations` ON `schema_migrations` (`version`)[0m
  [4;35;1mSQL (17.2ms)[0m   [0mSHOW TABLES[0m
  [4;36;1mSQL (3.2ms)[0m   [0;1mSELECT version FROM schema_migrations[0m
Migrating to CreateForums (20090916111546)
  [4;35;1mSQL (118.2ms)[0m   [0mCREATE TABLE `forums` (`id` int(11) DEFAULT NULL auto_increment PRIMARY KEY, `name` varchar(255), `description` text, `created_at` datetime, `updated_at` datetime) ENGINE=InnoDB[0m
  [4;36;1mSQL (12.4ms)[0m   [0;1mINSERT INTO schema_migrations (version) VALUES ('20090916111546')[0m
Migrating to CreateTopics (20090916111756)
  [4;35;1mSQL (64.0ms)[0m   [0mCREATE TABLE `topics` (`id` int(11) DEFAULT NULL auto_increment PRIMARY KEY, `forum_id` int(11), `user_id` int(11), `subject` varchar(255), `body` text, `created_at` datetime, `updated_at` datetime) ENGINE=InnoDB[0m
  [4;36;1mSQL (1.5ms)[0m   [0;1mINSERT INTO schema_migrations (version) VALUES ('20090916111756')[0m
Migrating to CreateReplies (20090916111925)
  [4;35;1mSQL (188.0ms)[0m   [0mCREATE TABLE `replies` (`id` int(11) DEFAULT NULL auto_increment PRIMARY KEY, `topic_id` int(11), `user_id` int(11), `subject` varchar(255), `body` text, `created_at` datetime, `updated_at` datetime) ENGINE=InnoDB[0m
  [4;36;1mSQL (36.2ms)[0m   [0;1mINSERT INTO schema_migrations (version) VALUES ('20090916111925')[0m
  [4;35;1mSQL (10.4ms)[0m   [0mSHOW TABLES[0m
  [4;36;1mSQL (0.7ms)[0m   [0;1mSELECT version FROM schema_migrations[0m
  [4;35;1mSQL (1.1ms)[0m   [0mSHOW TABLES[0m
  [4;36;1mSQL (110.4ms)[0m   [0;1mSHOW FIELDS FROM `forums`[0m
  [4;35;1mSQL (3.7ms)[0m   [0mdescribe `forums`[0m
  [4;36;1mSQL (1.8ms)[0m   [0;1mSHOW KEYS FROM `forums`[0m
  [4;35;1mSQL (3.9ms)[0m   [0mSHOW FIELDS FROM `replies`[0m
  [4;36;1mSQL (24.4ms)[0m   [0;1mdescribe `replies`[0m
  [4;35;1mSQL (15.1ms)[0m   [0mSHOW KEYS FROM `replies`[0m
  [4;36;1mSQL (96.6ms)[0m   [0;1mSHOW FIELDS FROM `topics`[0m
  [4;35;1mSQL (31.0ms)[0m   [0mdescribe `topics`[0m
  [4;36;1mSQL (31.2ms)[0m   [0;1mSHOW KEYS FROM `topics`[0m
  [4;36;1mSQL (2.1ms)[0m   [0;1mSET NAMES 'utf8'[0m
  [4;35;1mSQL (0.5ms)[0m   [0mSET SQL_AUTO_IS_NULL=0[0m


Processing ForumsController#index (for 127.0.0.1 at 2009-09-17 00:11:20) [GET]
  [4;36;1mForum Load (2.6ms)[0m   [0;1mSELECT SQL_NO_CACHE * FROM `forums` [0m
Rendering template within layouts/forums
Rendering forums/index
Completed in 455ms (View: 244, DB: 13) | 200 OK [http://localhost/forums]
Rendered _box_includes (15.5ms)
Rendered _box_header (16.6ms)
Rendered _box_disabled (2.9ms)
Rendered _box (52.9ms)
  [4;35;1mSQL (0.3ms)[0m   [0mSET NAMES 'utf8'[0m
  [4;36;1mSQL (0.3ms)[0m   [0;1mSET SQL_AUTO_IS_NULL=0[0m


Processing ForumsController#index (for 127.0.0.1 at 2009-09-17 00:11:54) [GET]
  [4;35;1mForum Load (1.0ms)[0m   [0mSELECT SQL_NO_CACHE * FROM `forums` [0m
Rendering template within layouts/forums
Rendering forums/index
Completed in 36ms (View: 4, DB: 15) | 200 OK [http://localhost/forums]
Rendered _box_includes (24.9ms)
Rendered _box_header (20.0ms)
Rendered _spectrum (11.2ms)
Rendered _query_sql (1.6ms)
Rendered _explain (4.1ms)
Rendered _trace (17.1ms)
Rendered _query_with_warning (136.4ms)
Rendered _box_body (211.7ms)
Rendered _box (401.0ms)
  [4;36;1mSQL (0.2ms)[0m   [0;1mSET NAMES 'utf8'[0m
  [4;35;1mSQL (0.2ms)[0m   [0mSET SQL_AUTO_IS_NULL=0[0m


Processing ForumsController#index (for 127.0.0.1 at 2009-09-17 00:12:27) [GET]
  [4;36;1mForum Load (1.2ms)[0m   [0;1mSELECT SQL_NO_CACHE * FROM `forums` [0m
Rendering template within layouts/forums
Rendering forums/index
Completed in 41ms (View: 5, DB: 14) | 200 OK [http://localhost/forums]
Rendered _box_includes (114.3ms)
Rendered _box_header (4.2ms)
Rendered _spectrum (3.2ms)
Rendered _query_sql (3.4ms)
Rendered _explain (3.7ms)
Rendered _trace (27.5ms)
Rendered _query_with_warning (111.0ms)
Rendered _box_body (360.6ms)
Rendered _box (575.1ms)
  [4;35;1mSQL (0.5ms)[0m   [0mSET NAMES 'utf8'[0m
  [4;36;1mSQL (0.5ms)[0m   [0;1mSET SQL_AUTO_IS_NULL=0[0m


Processing ForumsController#index (for 127.0.0.1 at 2009-09-17 00:14:50) [GET]
  [4;35;1mForum Load (1.7ms)[0m   [0mSELECT SQL_NO_CACHE * FROM `forums` [0m
Rendering template within layouts/forums
Rendering forums/index
Completed in 145ms (View: 57, DB: 37) | 200 OK [http://localhost/forums]
Rendered _box_includes (124.2ms)
Rendered _box_header (10.5ms)
Rendered _spectrum (5.3ms)
Rendered _query_sql (4.4ms)
Rendered _explain (25.7ms)
Rendered _trace (29.0ms)
Rendered _query_with_warning (180.8ms)
Rendered _box_body (243.3ms)
Rendered _box (471.7ms)
  [4;36;1mSQL (0.4ms)[0m   [0;1mSET NAMES 'utf8'[0m
  [4;35;1mSQL (0.2ms)[0m   [0mSET SQL_AUTO_IS_NULL=0[0m


Processing ForumsController#index (for 127.0.0.1 at 2009-09-17 00:14:57) [GET]
  [4;36;1mForum Load (1.0ms)[0m   [0;1mSELECT SQL_NO_CACHE * FROM `forums` [0m
Rendering template within layouts/forums
Rendering forums/index
Completed in 61ms (View: 3, DB: 3) | 200 OK [http://localhost/forums]
Rendered _box_includes (439.7ms)
Rendered _box_header (2.1ms)
Rendered _spectrum (5.2ms)
Rendered _query_sql (3.7ms)
Rendered _explain (8.1ms)
Rendered _trace (109.8ms)
Rendered _query_with_warning (203.9ms)
Rendered _box_body (243.9ms)
Rendered _box (716.8ms)
  [4;35;1mSQL (0.2ms)[0m   [0mSET NAMES 'utf8'[0m
  [4;36;1mSQL (0.5ms)[0m   [0;1mSET SQL_AUTO_IS_NULL=0[0m


Processing ForumsController#new (for 127.0.0.1 at 2009-09-17 00:15:48) [GET]
  [4;35;1mForum Columns (14.0ms)[0m   [0mSHOW FIELDS FROM `forums`[0m
Rendering template within layouts/forums
Rendering forums/new
Completed in 128ms (View: 61, DB: 15) | 200 OK [http://localhost/forums/new]
Rendered _box_includes (95.0ms)
Rendered _box_header (4.0ms)
Rendered _box_body (77.1ms)
Rendered _box (245.7ms)
  [4;36;1mSQL (0.2ms)[0m   [0;1mSET NAMES 'utf8'[0m
  [4;35;1mSQL (0.2ms)[0m   [0mSET SQL_AUTO_IS_NULL=0[0m


Processing ForumsController#create (for 127.0.0.1 at 2009-09-17 00:16:06) [POST]
  Parameters: {"forum"=>{"name"=>"ruby on rails", "description"=>"questions related to ruby on rails"}, "commit"=>"Create", "authenticity_token"=>"KblOBkDCtYpbRwXuhk2OaW6gPnXbwouDNPd5TDng02Q="}
  [4;36;1mForum Columns (9.7ms)[0m   [0;1mSHOW FIELDS FROM `forums`[0m
  [4;35;1mSQL (11.4ms)[0m   [0mBEGIN[0m
  [4;36;1mForum Create (31.6ms)[0m   [0;1mINSERT INTO `forums` (`name`, `updated_at`, `description`, `created_at`) VALUES('ruby on rails', '2009-09-17 04:16:06', 'questions related to ruby on rails', '2009-09-17 04:16:06')[0m
  [4;35;1mSQL (11.4ms)[0m   [0mCOMMIT[0m
Redirected to http://localhost:3010/forums/1
Completed in 174ms (DB: 65) | 302 Found [http://localhost/forums]
Rendered _box_includes (92.5ms)
Rendered _box_header (11.8ms)
Rendered _query_sql (3.1ms)
Rendered _explain (17.8ms)
Rendered _trace (23.4ms)
Rendered _box_body (277.2ms)
Rendered _box (450.6ms)
  [4;36;1mSQL (0.2ms)[0m   [0;1mSET NAMES 'utf8'[0m
  [4;35;1mSQL (0.4ms)[0m   [0mSET SQL_AUTO_IS_NULL=0[0m


Processing ForumsController#show (for 127.0.0.1 at 2009-09-17 00:16:07) [GET]
  Parameters: {"id"=>"1"}
  [4;36;1mForum Columns (2.4ms)[0m   [0;1mSHOW FIELDS FROM `forums`[0m
  [4;35;1mForum Load (1.7ms)[0m   [0mSELECT SQL_NO_CACHE * FROM `forums` WHERE (`forums`.`id` = 1) [0m
Rendering template within layouts/forums
Rendering forums/show
  [4;36;1mTopic Columns (3.2ms)[0m   [0;1mSHOW FIELDS FROM `topics`[0m
  [4;35;1mSQL (6.0ms)[0m   [0mSELECT SQL_NO_CACHE count(*) AS count_all FROM `topics` WHERE (`topics`.forum_id = 1) [0m
Rendered topics/_topic (33.3ms)
Completed in 241ms (View: 173, DB: 31) | 200 OK [http://localhost/forums/1]
Rendered _box_includes (32.0ms)
Rendered _box_header (1.5ms)
Rendered _spectrum (3.5ms)
Rendered _query_sql (3.0ms)
Rendered _explain (14.2ms)
Rendered _trace (32.9ms)
Rendered _query_with_warning (107.7ms)
Rendered _query_sql (0.2ms)
Rendered _explain (0.3ms)
Rendered _trace (9.9ms)
Rendered _box_body (156.4ms)
Rendered _box (219.3ms)
  [4;36;1mSQL (0.3ms)[0m   [0;1mSET NAMES 'utf8'[0m
  [4;35;1mSQL (0.4ms)[0m   [0mSET SQL_AUTO_IS_NULL=0[0m


Processing TopicsController#create (for 127.0.0.1 at 2009-09-17 00:16:37) [POST]
  Parameters: {"commit"=>"Create", "authenticity_token"=>"KblOBkDCtYpbRwXuhk2OaW6gPnXbwouDNPd5TDng02Q=", "topic"=>{"body"=>"testing active record", "subject"=>"Active records not create"}, "forum_id"=>"1"}
  [4;36;1mForum Columns (4.9ms)[0m   [0;1mSHOW FIELDS FROM `forums`[0m
  [4;35;1mForum Load (1.4ms)[0m   [0mSELECT SQL_NO_CACHE * FROM `forums` WHERE (`forums`.`id` = 1) [0m
  [4;36;1mTopic Columns (2.5ms)[0m   [0;1mSHOW FIELDS FROM `topics`[0m
  [4;35;1mSQL (1.0ms)[0m   [0mBEGIN[0m
  [4;36;1mTopic Create (2.2ms)[0m   [0;1mINSERT INTO `topics` (`updated_at`, `body`, `subject`, `forum_id`, `user_id`, `created_at`) VALUES('2009-09-17 04:16:37', 'testing active record', 'Active records not create', 1, NULL, '2009-09-17 04:16:37')[0m
  [4;35;1mSQL (26.9ms)[0m   [0mCOMMIT[0m
Redirected to http://localhost:3010/forums/1
Completed in 536ms (DB: 44) | 302 Found [http://localhost/forums/1/topics]
Rendered _box_includes (33.7ms)
Rendered _box_header (1.4ms)
Rendered _query_sql (4.1ms)
Rendered _explain (3.2ms)
Rendered _trace (24.0ms)
Rendered _query_sql (0.2ms)
Rendered _explain (0.5ms)
Rendered _trace (9.7ms)
Rendered _box_body (104.8ms)
Rendered _box (176.6ms)
  [4;36;1mSQL (0.2ms)[0m   [0;1mSET NAMES 'utf8'[0m
  [4;35;1mSQL (0.5ms)[0m   [0mSET SQL_AUTO_IS_NULL=0[0m


Processing ForumsController#show (for 127.0.0.1 at 2009-09-17 00:16:38) [GET]
  Parameters: {"id"=>"1"}
  [4;36;1mForum Columns (3.2ms)[0m   [0;1mSHOW FIELDS FROM `forums`[0m
  [4;35;1mForum Load (1.2ms)[0m   [0mSELECT SQL_NO_CACHE * FROM `forums` WHERE (`forums`.`id` = 1) [0m
Rendering template within layouts/forums
Rendering forums/show
  [4;36;1mTopic Columns (4.6ms)[0m   [0;1mSHOW FIELDS FROM `topics`[0m
  [4;35;1mSQL (4.5ms)[0m   [0mSELECT SQL_NO_CACHE count(*) AS count_all FROM `topics` WHERE (`topics`.forum_id = 1) [0m
  [4;36;1mTopic Load (2.4ms)[0m   [0;1mSELECT SQL_NO_CACHE * FROM `topics` WHERE (`topics`.forum_id = 1) [0m
Rendered topics/_topic (8.1ms)
Completed in 172ms (View: 98, DB: 28) | 200 OK [http://localhost/forums/1]
Rendered _box_includes (32.3ms)
Rendered _box_header (2.7ms)
Rendered _spectrum (4.9ms)
Rendered _query_sql (4.3ms)
Rendered _explain (4.4ms)
Rendered _trace (36.9ms)
Rendered _query_with_warning (138.0ms)
Rendered _spectrum (1.2ms)
Rendered _query_sql (0.2ms)
Rendered _explain (0.5ms)
Rendered _trace (27.1ms)
Rendered _query_with_warning (46.4ms)
Rendered _query_sql (1.6ms)
Rendered _explain (0.5ms)
Rendered _trace (9.4ms)
Rendered _box_body (605.4ms)
Rendered _box (672.0ms)
  [4;35;1mSQL (0.2ms)[0m   [0mSET NAMES 'utf8'[0m
  [4;36;1mSQL (0.2ms)[0m   [0;1mSET SQL_AUTO_IS_NULL=0[0m


Processing TopicsController#create (for 127.0.0.1 at 2009-09-17 00:16:50) [POST]
  Parameters: {"commit"=>"Create", "authenticity_token"=>"KblOBkDCtYpbRwXuhk2OaW6gPnXbwouDNPd5TDng02Q=", "topic"=>{"body"=>"test", "subject"=>"test"}, "forum_id"=>"1"}
  [4;35;1mForum Columns (12.3ms)[0m   [0mSHOW FIELDS FROM `forums`[0m
  [4;36;1mForum Load (1.0ms)[0m   [0;1mSELECT SQL_NO_CACHE * FROM `forums` WHERE (`forums`.`id` = 1) [0m
  [4;35;1mTopic Columns (10.5ms)[0m   [0mSHOW FIELDS FROM `topics`[0m
  [4;36;1mSQL (8.1ms)[0m   [0;1mBEGIN[0m
  [4;35;1mTopic Create (0.8ms)[0m   [0mINSERT INTO `topics` (`updated_at`, `body`, `subject`, `forum_id`, `user_id`, `created_at`) VALUES('2009-09-17 04:16:50', 'test', 'test', 1, NULL, '2009-09-17 04:16:50')[0m
  [4;36;1mSQL (11.0ms)[0m   [0;1mCOMMIT[0m
Redirected to http://localhost:3010/forums/1
Completed in 124ms (DB: 45) | 302 Found [http://localhost/forums/1/topics]
Rendered _box_includes (39.0ms)
Rendered _box_header (2.7ms)
Rendered _query_sql (2.2ms)
Rendered _explain (25.4ms)
Rendered _trace (23.1ms)
Rendered _query_sql (0.5ms)
Rendered _explain (0.3ms)
Rendered _trace (23.4ms)
Rendered _box_body (166.3ms)
Rendered _box (283.0ms)
  [4;35;1mSQL (0.2ms)[0m   [0mSET NAMES 'utf8'[0m
  [4;36;1mSQL (2.9ms)[0m   [0;1mSET SQL_AUTO_IS_NULL=0[0m


Processing ForumsController#show (for 127.0.0.1 at 2009-09-17 00:16:51) [GET]
  Parameters: {"id"=>"1"}
  [4;35;1mForum Columns (6.7ms)[0m   [0mSHOW FIELDS FROM `forums`[0m
  [4;36;1mForum Load (2.6ms)[0m   [0;1mSELECT SQL_NO_CACHE * FROM `forums` WHERE (`forums`.`id` = 1) [0m
Rendering template within layouts/forums
Rendering forums/show
  [4;35;1mTopic Columns (16.4ms)[0m   [0mSHOW FIELDS FROM `topics`[0m
  [4;36;1mSQL (0.9ms)[0m   [0;1mSELECT SQL_NO_CACHE count(*) AS count_all FROM `topics` WHERE (`topics`.forum_id = 1) [0m
  [4;35;1mTopic Load (0.9ms)[0m   [0mSELECT SQL_NO_CACHE * FROM `topics` WHERE (`topics`.forum_id = 1) [0m
Rendered topics/_topic (30.7ms)
Completed in 172ms (View: 98, DB: 36) | 200 OK [http://localhost/forums/1]
Rendered _box_includes (35.6ms)
Rendered _box_header (5.3ms)
Rendered _spectrum (2.4ms)
Rendered _query_sql (3.3ms)
Rendered _explain (7.9ms)
Rendered _trace (29.5ms)
Rendered _query_with_warning (114.9ms)
Rendered _spectrum (0.3ms)
Rendered _query_sql (0.2ms)
Rendered _explain (0.8ms)
Rendered _trace (14.4ms)
Rendered _query_with_warning (37.7ms)
Rendered _query_sql (0.2ms)
Rendered _explain (0.3ms)
Rendered _trace (5.3ms)
Rendered _box_body (222.3ms)
Rendered _box (308.3ms)
  [4;36;1mSQL (0.2ms)[0m   [0;1mSET NAMES 'utf8'[0m
  [4;35;1mSQL (0.3ms)[0m   [0mSET SQL_AUTO_IS_NULL=0[0m


Processing TopicsController#show (for 127.0.0.1 at 2009-09-17 00:16:58) [GET]
  Parameters: {"id"=>"2", "forum_id"=>"1"}
  [4;36;1mForum Columns (21.7ms)[0m   [0;1mSHOW FIELDS FROM `forums`[0m
  [4;35;1mForum Load (0.9ms)[0m   [0mSELECT SQL_NO_CACHE * FROM `forums` WHERE (`forums`.`id` = 1) [0m
  [4;36;1mTopic Columns (9.6ms)[0m   [0;1mSHOW FIELDS FROM `topics`[0m
  [4;35;1mTopic Load (1.0ms)[0m   [0mSELECT SQL_NO_CACHE * FROM `topics` WHERE (`topics`.`id` = 2 AND (`topics`.forum_id = 1)) [0m
Rendering template within layouts/topics
Rendering topics/show
Completed in 290ms (View: 133, DB: 51) | 200 OK [http://localhost/forums/1/topics/2]
Rendered _box_includes (51.4ms)
Rendered _box_header (11.9ms)
Rendered _query_sql (2.9ms)
Rendered _explain (8.7ms)
Rendered _trace (26.7ms)
Rendered _query_sql (0.2ms)
Rendered _explain (0.3ms)
Rendered _trace (10.7ms)
Rendered _box_body (117.4ms)
Rendered _box (207.3ms)
  [4;36;1mSQL (0.4ms)[0m   [0;1mSET NAMES 'utf8'[0m
  [4;35;1mSQL (0.2ms)[0m   [0mSET SQL_AUTO_IS_NULL=0[0m


Processing ForumsController#show (for 127.0.0.1 at 2009-09-17 00:17:04) [GET]
  Parameters: {"id"=>"1"}
  [4;36;1mForum Columns (20.3ms)[0m   [0;1mSHOW FIELDS FROM `forums`[0m
  [4;35;1mForum Load (1.1ms)[0m   [0mSELECT SQL_NO_CACHE * FROM `forums` WHERE (`forums`.`id` = 1) [0m
Rendering template within layouts/forums
Rendering forums/show
  [4;36;1mTopic Columns (4.0ms)[0m   [0;1mSHOW FIELDS FROM `topics`[0m
  [4;35;1mSQL (1.3ms)[0m   [0mSELECT SQL_NO_CACHE count(*) AS count_all FROM `topics` WHERE (`topics`.forum_id = 1) [0m
  [4;36;1mTopic Load (1.0ms)[0m   [0;1mSELECT SQL_NO_CACHE * FROM `topics` WHERE (`topics`.forum_id = 1) [0m
Rendered topics/_topic (2.4ms)
Completed in 243ms (View: 159, DB: 50) | 200 OK [http://localhost/forums/1]
Rendered _box_includes (49.3ms)
Rendered _box_header (2.8ms)
Rendered _spectrum (2.4ms)
Rendered _query_sql (3.5ms)
Rendered _explain (16.2ms)
Rendered _trace (32.8ms)
Rendered _query_with_warning (131.5ms)
Rendered _spectrum (0.1ms)
Rendered _query_sql (0.6ms)
Rendered _explain (2.7ms)
Rendered _trace (43.1ms)
Rendered _query_with_warning (121.0ms)
Rendered _query_sql (0.4ms)
Rendered _explain (0.3ms)
Rendered _trace (11.4ms)
Rendered _box_body (543.2ms)
Rendered _box (631.5ms)
  [4;36;1mSQL (1.2ms)[0m   [0;1mSET NAMES 'utf8'[0m
  [4;35;1mSQL (1.6ms)[0m   [0mSET SQL_AUTO_IS_NULL=0[0m
  [4;36;1mSQL (1.9ms)[0m   [0;1mSHOW TABLES[0m
  [4;35;1mSQL (16.1ms)[0m   [0mSELECT version FROM schema_migrations[0m
Migrating to CreateForums (20090916111546)
Migrating to CreateTopics (20090916111756)
Migrating to CreateReplies (20090916111925)
Migrating to CreateUsers (20090917045404)
  [4;36;1mSQL (1.2ms)[0m   [0;1mSHOW TABLES[0m
  [4;35;1mSQL (97.8ms)[0m   [0mCREATE TABLE `users` (`id` int(11) DEFAULT NULL auto_increment PRIMARY KEY, `login` varchar(255), `email` varchar(255), `remember_token` varchar(255), `crypted_password` varchar(40), `password_reset_code` varchar(40), `salt` varchar(40), `activation_code` varchar(40), `remember_token_expires_at` datetime, `activated_at` datetime, `deleted_at` datetime, `state` varchar(255) DEFAULT 'passive', `created_at` datetime, `updated_at` datetime) ENGINE=InnoDB[0m
  [4;36;1mSQL (11.8ms)[0m   [0;1mINSERT INTO schema_migrations (version) VALUES ('20090917045404')[0m
  [4;35;1mSQL (26.8ms)[0m   [0mSHOW TABLES[0m
  [4;36;1mSQL (0.8ms)[0m   [0;1mSELECT version FROM schema_migrations[0m
  [4;35;1mSQL (1.0ms)[0m   [0mSHOW TABLES[0m
  [4;36;1mSQL (2.9ms)[0m   [0;1mSHOW FIELDS FROM `forums`[0m
  [4;35;1mSQL (2.2ms)[0m   [0mdescribe `forums`[0m
  [4;36;1mSQL (1.6ms)[0m   [0;1mSHOW KEYS FROM `forums`[0m
  [4;35;1mSQL (3.8ms)[0m   [0mSHOW FIELDS FROM `replies`[0m
  [4;36;1mSQL (5.5ms)[0m   [0;1mdescribe `replies`[0m
  [4;35;1mSQL (1.2ms)[0m   [0mSHOW KEYS FROM `replies`[0m
  [4;36;1mSQL (2.5ms)[0m   [0;1mSHOW FIELDS FROM `topics`[0m
  [4;35;1mSQL (3.2ms)[0m   [0mdescribe `topics`[0m
  [4;36;1mSQL (1.1ms)[0m   [0;1mSHOW KEYS FROM `topics`[0m
  [4;35;1mSQL (4.4ms)[0m   [0mSHOW FIELDS FROM `users`[0m
  [4;36;1mSQL (10.0ms)[0m   [0;1mdescribe `users`[0m
  [4;35;1mSQL (2.7ms)[0m   [0mSHOW KEYS FROM `users`[0m
  [4;36;1mSQL (2.0ms)[0m   [0;1mSET NAMES 'utf8'[0m
  [4;35;1mSQL (0.6ms)[0m   [0mSET SQL_AUTO_IS_NULL=0[0m
  [4;36;1mSQL (2.7ms)[0m   [0;1mSHOW TABLES[0m
  [4;35;1mSQL (1.0ms)[0m   [0mSELECT version FROM schema_migrations[0m
Migrating to CreateForums (20090916111546)
Migrating to CreateTopics (20090916111756)
Migrating to CreateReplies (20090916111925)
Migrating to CreateUsers (20090917045404)
  [4;36;1mSQL (1.0ms)[0m   [0;1mSHOW TABLES[0m
  [4;35;1mSQL (0.5ms)[0m   [0mSELECT version FROM schema_migrations[0m
  [4;36;1mSQL (1.7ms)[0m   [0;1mSHOW TABLES[0m
  [4;35;1mSQL (4.2ms)[0m   [0mSHOW FIELDS FROM `forums`[0m
  [4;36;1mSQL (4.8ms)[0m   [0;1mdescribe `forums`[0m
  [4;35;1mSQL (1.5ms)[0m   [0mSHOW KEYS FROM `forums`[0m
  [4;36;1mSQL (3.0ms)[0m   [0;1mSHOW FIELDS FROM `replies`[0m
  [4;35;1mSQL (3.2ms)[0m   [0mdescribe `replies`[0m
  [4;36;1mSQL (1.4ms)[0m   [0;1mSHOW KEYS FROM `replies`[0m
  [4;35;1mSQL (3.0ms)[0m   [0mSHOW FIELDS FROM `topics`[0m
  [4;36;1mSQL (3.7ms)[0m   [0;1mdescribe `topics`[0m
  [4;35;1mSQL (1.1ms)[0m   [0mSHOW KEYS FROM `topics`[0m
  [4;36;1mSQL (6.7ms)[0m   [0;1mSHOW FIELDS FROM `users`[0m
  [4;35;1mSQL (4.1ms)[0m   [0mdescribe `users`[0m
  [4;36;1mSQL (1.0ms)[0m   [0;1mSHOW KEYS FROM `users`[0m
  [4;36;1mSQL (1.4ms)[0m   [0;1mSET NAMES 'utf8'[0m
  [4;35;1mSQL (1.7ms)[0m   [0mSET SQL_AUTO_IS_NULL=0[0m


Processing ForumsController#show (for 127.0.0.1 at 2009-09-17 02:13:04) [GET]
  Parameters: {"id"=>"1"}
  [4;36;1mForum Columns (13.0ms)[0m   [0;1mSHOW FIELDS FROM `forums`[0m
  [4;35;1mForum Load (67.0ms)[0m   [0mSELECT SQL_NO_CACHE * FROM `forums` WHERE (`forums`.`id` = 1) [0m
Rendering template within layouts/forums
Rendering forums/show
  [4;36;1mTopic Columns (4.9ms)[0m   [0;1mSHOW FIELDS FROM `topics`[0m
  [4;35;1mSQL (15.1ms)[0m   [0mSELECT SQL_NO_CACHE count(*) AS count_all FROM `topics` WHERE (`topics`.forum_id = 1) [0m
  [4;36;1mTopic Load (1.3ms)[0m   [0;1mSELECT SQL_NO_CACHE * FROM `topics` WHERE (`topics`.forum_id = 1) [0m

ActionView::TemplateError (undefined method `logged_in?' for #<ActionView::Base:0x92b6070>) on line #13 of app/views/forums/show.html.erb:
10:   <% end %>
11: <% end %>
12: 
13:  <% if logged_in? %>
14:       <h2>New Post</h2>
15:       <%= render :partial => @topic = Topic.new, :locals => { :button_name => 'Create' } %>
16:       <%= link_to 'New Topic', new_forum_topic_path(@forum) %> |

    app/views/forums/show.html.erb:13
    app/controllers/forums_controller.rb:19:in `show'

Rendered rescues/_trace (242.3ms)
Rendered rescues/_request_and_response (21.4ms)
Rendering rescues/layout (internal_server_error)
Rendered _box_includes (225.8ms)
Rendered _box_header (5.6ms)
Rendered _spectrum (14.9ms)
Rendered _query_sql (2.3ms)
Rendered _explain (6.2ms)
Rendered _trace (28.1ms)
Rendered _query_with_warning (136.1ms)
Rendered _spectrum (2.2ms)
Rendered _query_sql (0.2ms)
Rendered _explain (0.3ms)
Rendered _trace (32.7ms)
Rendered _query_with_warning (38.5ms)
Rendered _query_sql (1.2ms)
Rendered _explain (0.5ms)
Rendered _trace (11.6ms)
Rendered _box_body (253.3ms)
Rendered _box (541.7ms)
  [4;35;1mSQL (0.2ms)[0m   [0mSET NAMES 'utf8'[0m
  [4;36;1mSQL (0.2ms)[0m   [0;1mSET SQL_AUTO_IS_NULL=0[0m


Processing ForumsController#show (for 127.0.0.1 at 2009-09-17 02:13:21) [GET]
  Parameters: {"id"=>"1"}
  [4;35;1mForum Columns (6.3ms)[0m   [0mSHOW FIELDS FROM `forums`[0m
  [4;36;1mForum Load (1.1ms)[0m   [0;1mSELECT SQL_NO_CACHE * FROM `forums` WHERE (`forums`.`id` = 1) [0m
Rendering template within layouts/forums
Rendering forums/show
  [4;35;1mTopic Columns (5.3ms)[0m   [0mSHOW FIELDS FROM `topics`[0m
  [4;36;1mSQL (1.0ms)[0m   [0;1mSELECT SQL_NO_CACHE count(*) AS count_all FROM `topics` WHERE (`topics`.forum_id = 1) [0m
  [4;35;1mTopic Load (1.3ms)[0m   [0mSELECT SQL_NO_CACHE * FROM `topics` WHERE (`topics`.forum_id = 1) [0m

ActionView::TemplateError (undefined method `logged_in?' for #<ActionView::Base:0x8f1cc98>) on line #13 of app/views/forums/show.html.erb:
10:   <% end %>
11: <% end %>
12: 
13:  <% if logged_in? %>
14:       <h2>New Post</h2>
15:       <%= render :partial => @topic = Topic.new, :locals => { :button_name => 'Create' } %>
16:       <%= link_to 'New Topic', new_forum_topic_path(@forum) %> |

    app/views/forums/show.html.erb:13
    app/controllers/forums_controller.rb:19:in `show'

Rendered rescues/_trace (133.1ms)
Rendered rescues/_request_and_response (0.6ms)
Rendering rescues/layout (internal_server_error)
Rendered _box_includes (30.5ms)
Rendered _box_header (3.0ms)
Rendered _spectrum (2.3ms)
Rendered _query_sql (1.8ms)
Rendered _explain (13.0ms)
Rendered _trace (13.0ms)
Rendered _query_with_warning (76.6ms)
Rendered _spectrum (7.2ms)
Rendered _query_sql (0.8ms)
Rendered _explain (0.3ms)
Rendered _trace (163.0ms)
Rendered _query_with_warning (178.0ms)
Rendered _query_sql (0.2ms)
Rendered _explain (0.3ms)
Rendered _trace (10.5ms)
Rendered _box_body (311.4ms)
Rendered _box (362.9ms)
  [4;36;1mSQL (0.2ms)[0m   [0;1mSET NAMES 'utf8'[0m
  [4;35;1mSQL (0.4ms)[0m   [0mSET SQL_AUTO_IS_NULL=0[0m


Processing ForumsController#index (for 127.0.0.1 at 2009-09-17 02:13:28) [GET]
  [4;36;1mForum Load (0.9ms)[0m   [0;1mSELECT SQL_NO_CACHE * FROM `forums` [0m
Rendering template within layouts/forums
Rendering forums/index
  [4;35;1mForum Columns (13.4ms)[0m   [0mSHOW FIELDS FROM `forums`[0m
Completed in 80ms (View: 16, DB: 36) | 200 OK [http://localhost/forums]
Rendered _box_includes (32.9ms)
Rendered _box_header (1.5ms)
Rendered _spectrum (4.6ms)
Rendered _query_sql (3.9ms)
Rendered _explain (14.0ms)
Rendered _trace (13.9ms)
Rendered _query_with_warning (160.8ms)
Rendered _box_body (202.9ms)
Rendered _box (290.6ms)
  [4;36;1mSQL (0.4ms)[0m   [0;1mSET NAMES 'utf8'[0m
  [4;35;1mSQL (0.3ms)[0m   [0mSET SQL_AUTO_IS_NULL=0[0m


Processing ForumsController#edit (for 127.0.0.1 at 2009-09-17 02:13:33) [GET]
  Parameters: {"id"=>"1"}

NoMethodError (undefined method `logged_in?' for #<ForumsController:0x8993e70>):
  app/controllers/application_controller.rb:12:in `is_admin?'
  app/controllers/application_controller.rb:20:in `admin_required'

Rendered rescues/_trace (150.1ms)
Rendered rescues/_request_and_response (0.9ms)
Rendering rescues/layout (internal_server_error)
Rendered _box_includes (25.9ms)
Rendered _box_header (2.9ms)
Rendered _box_body (23.6ms)
Rendered _box (69.3ms)
  [4;36;1mSQL (11.3ms)[0m   [0;1mSET NAMES 'utf8'[0m
  [4;35;1mSQL (0.6ms)[0m   [0mSET SQL_AUTO_IS_NULL=0[0m


Processing ForumsController#edit (for 127.0.0.1 at 2009-09-17 02:15:49) [GET]
  Parameters: {"id"=>"1"}

NoMethodError (undefined method `logged_in?' for #<ForumsController:0x92b623c>):
  app/controllers/application_controller.rb:12:in `is_admin?'
  app/controllers/application_controller.rb:20:in `admin_required'

Rendered rescues/_trace (385.0ms)
Rendered rescues/_request_and_response (3.1ms)
Rendering rescues/layout (internal_server_error)
Rendered _box_includes (32.1ms)
Rendered _box_header (1.4ms)
Rendered _box_body (22.6ms)
Rendered _box (81.8ms)
  [4;36;1mSQL (0.2ms)[0m   [0;1mSET NAMES 'utf8'[0m
  [4;35;1mSQL (0.6ms)[0m   [0mSET SQL_AUTO_IS_NULL=0[0m


Processing ForumsController#index (for 127.0.0.1 at 2009-09-17 02:15:58) [GET]
  [4;36;1mForum Load (1.4ms)[0m   [0;1mSELECT SQL_NO_CACHE * FROM `forums` [0m
Rendering template within layouts/forums
Rendering forums/index
  [4;35;1mForum Columns (6.7ms)[0m   [0mSHOW FIELDS FROM `forums`[0m
Completed in 275ms (View: 152, DB: 26) | 200 OK [http://localhost/forums]
Rendered _box_includes (38.3ms)
Rendered _box_header (1.5ms)
Rendered _spectrum (2.4ms)
Rendered _query_sql (1.9ms)
Rendered _explain (44.9ms)
Rendered _trace (47.1ms)
Rendered _query_with_warning (201.9ms)
Rendered _box_body (271.9ms)
Rendered _box (636.1ms)
  [4;36;1mSQL (0.3ms)[0m   [0;1mSET NAMES 'utf8'[0m
  [4;35;1mSQL (0.3ms)[0m   [0mSET SQL_AUTO_IS_NULL=0[0m


Processing ForumsController#edit (for 127.0.0.1 at 2009-09-17 02:16:02) [GET]
  Parameters: {"id"=>"1"}

NoMethodError (undefined method `logged_in?' for #<ForumsController:0x910585c>):
  app/controllers/application_controller.rb:12:in `is_admin?'
  app/controllers/application_controller.rb:20:in `admin_required'

Rendered rescues/_trace (212.2ms)
Rendered rescues/_request_and_response (1.2ms)
Rendering rescues/layout (internal_server_error)
Rendered _box_includes (35.8ms)
Rendered _box_header (15.6ms)
Rendered _box_body (20.9ms)
Rendered _box (165.4ms)
  [4;36;1mSQL (0.7ms)[0m   [0;1mSET NAMES 'utf8'[0m
  [4;35;1mSQL (0.7ms)[0m   [0mSET SQL_AUTO_IS_NULL=0[0m


Processing ForumsController#edit (for 127.0.0.1 at 2009-09-17 02:30:28) [GET]
  Parameters: {"id"=>"1"}

NoMethodError (undefined method `logged_in?' for #<ForumsController:0x92b623c>):
  app/controllers/application_controller.rb:12:in `is_admin?'
  app/controllers/application_controller.rb:20:in `admin_required'

Rendered rescues/_trace (159.1ms)
Rendered rescues/_request_and_response (6.7ms)
Rendering rescues/layout (internal_server_error)
Rendered _box_includes (30.9ms)
Rendered _box_header (1.8ms)
Rendered _box_body (17.3ms)
Rendered _box (102.5ms)
  [4;36;1mSQL (0.9ms)[0m   [0;1mSET NAMES 'utf8'[0m
  [4;35;1mSQL (0.8ms)[0m   [0mSET SQL_AUTO_IS_NULL=0[0m


Processing ForumsController#edit (for 127.0.0.1 at 2009-09-17 03:06:09) [GET]
  Parameters: {"id"=>"1"}

NoMethodError (undefined method `logged_in?' for #<ForumsController:0x8efbee4>):
  app/controllers/application_controller.rb:12:in `is_admin?'
  app/controllers/application_controller.rb:20:in `admin_required'

Rendered rescues/_trace (877.7ms)
Rendered rescues/_request_and_response (0.8ms)
Rendering rescues/layout (internal_server_error)
Rendered _box_includes (30.0ms)
Rendered _box_header (6.1ms)
Rendered _box_body (30.8ms)
Rendered _box (84.4ms)
  [4;36;1mSQL (2.6ms)[0m   [0;1mSET NAMES 'utf8'[0m
  [4;35;1mSQL (5.7ms)[0m   [0mSET SQL_AUTO_IS_NULL=0[0m


Processing ForumsController#edit (for 127.0.0.1 at 2009-09-17 03:06:28) [GET]
  Parameters: {"id"=>"1"}

NoMethodError (undefined method `logged_in?' for #<ForumsController:0x92b623c>):
  app/controllers/application_controller.rb:12:in `is_admin?'
  app/controllers/application_controller.rb:20:in `admin_required'

Rendered rescues/_trace (192.4ms)
Rendered rescues/_request_and_response (18.4ms)
Rendering rescues/layout (internal_server_error)
Rendered _box_includes (32.5ms)
Rendered _box_header (5.7ms)
Rendered _box_body (29.7ms)
Rendered _box (130.2ms)
  [4;36;1mSQL (0.5ms)[0m   [0;1mSET NAMES 'utf8'[0m
  [4;35;1mSQL (2.6ms)[0m   [0mSET SQL_AUTO_IS_NULL=0[0m


Processing ForumsController#edit (for 127.0.0.1 at 2009-09-17 03:06:33) [GET]
  Parameters: {"id"=>"1"}

NoMethodError (undefined method `logged_in?' for #<ForumsController:0x8efbee4>):
  app/controllers/application_controller.rb:12:in `is_admin?'
  app/controllers/application_controller.rb:20:in `admin_required'

Rendered rescues/_trace (589.7ms)
Rendered rescues/_request_and_response (0.6ms)
Rendering rescues/layout (internal_server_error)
Rendered _box_includes (37.5ms)
Rendered _box_header (2.8ms)
Rendered _box_body (16.6ms)
Rendered _box (91.6ms)
  [4;36;1mSQL (0.3ms)[0m   [0;1mSET NAMES 'utf8'[0m
  [4;35;1mSQL (0.4ms)[0m   [0mSET SQL_AUTO_IS_NULL=0[0m


Processing ForumsController#edit (for 127.0.0.1 at 2009-09-17 03:07:03) [GET]
  Parameters: {"id"=>"1"}

NoMethodError (undefined method `logged_in?' for #<ForumsController:0x9108430>):
  app/controllers/application_controller.rb:12:in `is_admin?'
  app/controllers/application_controller.rb:20:in `admin_required'

Rendered rescues/_trace (294.9ms)
Rendered rescues/_request_and_response (0.1ms)
Rendering rescues/layout (internal_server_error)
Rendered _box_includes (37.1ms)
Rendered _box_header (5.2ms)
Rendered _box_body (21.6ms)
Rendered _box (106.2ms)
  [4;36;1mSQL (1.7ms)[0m   [0;1mSET NAMES 'utf8'[0m
  [4;35;1mSQL (1.1ms)[0m   [0mSET SQL_AUTO_IS_NULL=0[0m


Processing ForumsController#edit (for 127.0.0.1 at 2009-09-17 03:24:25) [GET]
  Parameters: {"id"=>"1"}

NoMethodError (undefined method `user_logged_in?' for #<ForumsController:0x92b623c>):
  app/controllers/application_controller.rb:12:in `is_admin?'
  app/controllers/application_controller.rb:20:in `admin_required'

Rendered rescues/_trace (230.0ms)
Rendered rescues/_request_and_response (3.1ms)
Rendering rescues/layout (internal_server_error)
Rendered _box_includes (36.0ms)
Rendered _box_header (1.9ms)
Rendered _box_body (18.9ms)
Rendered _box (101.9ms)
  [4;36;1mSQL (0.4ms)[0m   [0;1mSET NAMES 'utf8'[0m
  [4;35;1mSQL (0.3ms)[0m   [0mSET SQL_AUTO_IS_NULL=0[0m


Processing ForumsController#edit (for 127.0.0.1 at 2009-09-17 03:24:28) [GET]
  Parameters: {"id"=>"1"}

NoMethodError (undefined method `user_logged_in?' for #<ForumsController:0x8efbee4>):
  app/controllers/application_controller.rb:12:in `is_admin?'
  app/controllers/application_controller.rb:20:in `admin_required'

Rendered rescues/_trace (540.9ms)
Rendered rescues/_request_and_response (0.6ms)
Rendering rescues/layout (internal_server_error)
Rendered _box_includes (40.1ms)
Rendered _box_header (1.4ms)
Rendered _box_body (23.0ms)
Rendered _box (93.4ms)
  [4;36;1mSQL (1.3ms)[0m   [0;1mSET NAMES 'utf8'[0m
  [4;35;1mSQL (1.2ms)[0m   [0mSET SQL_AUTO_IS_NULL=0[0m


Processing ForumsController#show (for 127.0.0.1 at 2009-09-17 03:25:00) [GET]
  Parameters: {"id"=>"1"}
  [4;36;1mForum Columns (14.3ms)[0m   [0;1mSHOW FIELDS FROM `forums`[0m
  [4;35;1mForum Load (4.3ms)[0m   [0mSELECT SQL_NO_CACHE * FROM `forums` WHERE (`forums`.`id` = 1) [0m
Rendering template within layouts/forums
Rendering forums/show
  [4;36;1mTopic Columns (3.3ms)[0m   [0;1mSHOW FIELDS FROM `topics`[0m
  [4;35;1mSQL (1.6ms)[0m   [0mSELECT SQL_NO_CACHE count(*) AS count_all FROM `topics` WHERE (`topics`.forum_id = 1) [0m
  [4;36;1mTopic Load (2.5ms)[0m   [0;1mSELECT SQL_NO_CACHE * FROM `topics` WHERE (`topics`.forum_id = 1) [0m

ActionView::TemplateError (undefined method `logged_in?' for #<ActionView::Base:0x92b6624>) on line #13 of app/views/forums/show.html.erb:
10:   <% end %>
11: <% end %>
12: 
13:  <% if logged_in? %>
14:       <h2>New Post</h2>
15:       <%= render :partial => @topic = Topic.new, :locals => { :button_name => 'Create' } %>
16:       <%= link_to 'New Topic', new_forum_topic_path(@forum) %> |

    app/views/forums/show.html.erb:13
    app/controllers/forums_controller.rb:19:in `show'

Rendered rescues/_trace (286.8ms)
Rendered rescues/_request_and_response (5.7ms)
Rendering rescues/layout (internal_server_error)
Rendered _box_includes (277.3ms)
Rendered _box_header (3.9ms)
Rendered _spectrum (2.3ms)
Rendered _query_sql (14.3ms)
Rendered _explain (3.9ms)
Rendered _trace (33.8ms)
Rendered _query_with_warning (109.3ms)
Rendered _spectrum (0.3ms)
Rendered _query_sql (0.3ms)
Rendered _explain (0.5ms)
Rendered _trace (13.4ms)
Rendered _query_with_warning (33.3ms)
Rendered _query_sql (11.1ms)
Rendered _explain (0.4ms)
Rendered _trace (6.8ms)
Rendered _box_body (222.1ms)
Rendered _box (554.8ms)
  [4;35;1mSQL (0.3ms)[0m   [0mSET NAMES 'utf8'[0m
  [4;36;1mSQL (0.3ms)[0m   [0;1mSET SQL_AUTO_IS_NULL=0[0m


Processing ForumsController#edit (for 127.0.0.1 at 2009-09-17 03:25:08) [GET]
  Parameters: {"id"=>"1"}
  [4;35;1mForum Columns (10.1ms)[0m   [0mSHOW FIELDS FROM `forums`[0m
  [4;36;1mForum Load (1.3ms)[0m   [0;1mSELECT SQL_NO_CACHE * FROM `forums` WHERE (`forums`.`id` = 1) [0m
Rendering template within layouts/forums
Rendering forums/edit
Completed in 195ms (View: 127, DB: 14) | 200 OK [http://localhost/forums/1/edit]
Rendered _box_includes (37.6ms)
Rendered _box_header (1.4ms)
Rendered _query_sql (21.0ms)
Rendered _explain (7.1ms)
Rendered _trace (10.8ms)
Rendered _box_body (461.3ms)
Rendered _box (582.5ms)
  [4;35;1mSQL (0.3ms)[0m   [0mSET NAMES 'utf8'[0m
  [4;36;1mSQL (0.4ms)[0m   [0;1mSET SQL_AUTO_IS_NULL=0[0m


Processing ForumsController#show (for 127.0.0.1 at 2009-09-17 03:25:16) [GET]
  Parameters: {"id"=>"1"}
  [4;35;1mForum Columns (36.1ms)[0m   [0mSHOW FIELDS FROM `forums`[0m
  [4;36;1mForum Load (1.9ms)[0m   [0;1mSELECT SQL_NO_CACHE * FROM `forums` WHERE (`forums`.`id` = 1) [0m
Rendering template within layouts/forums
Rendering forums/show
  [4;35;1mTopic Columns (6.6ms)[0m   [0mSHOW FIELDS FROM `topics`[0m
  [4;36;1mSQL (1.6ms)[0m   [0;1mSELECT SQL_NO_CACHE count(*) AS count_all FROM `topics` WHERE (`topics`.forum_id = 1) [0m
  [4;35;1mTopic Load (1.0ms)[0m   [0mSELECT SQL_NO_CACHE * FROM `topics` WHERE (`topics`.forum_id = 1) [0m

ActionView::TemplateError (undefined method `logged_in?' for #<ActionView::Base:0x9118308>) on line #13 of app/views/forums/show.html.erb:
10:   <% end %>
11: <% end %>
12: 
13:  <% if logged_in? %>
14:       <h2>New Post</h2>
15:       <%= render :partial => @topic = Topic.new, :locals => { :button_name => 'Create' } %>
16:       <%= link_to 'New Topic', new_forum_topic_path(@forum) %> |

    app/views/forums/show.html.erb:13
    app/controllers/forums_controller.rb:19:in `show'

Rendered rescues/_trace (513.0ms)
Rendered rescues/_request_and_response (0.6ms)
Rendering rescues/layout (internal_server_error)
Rendered _box_includes (34.2ms)
Rendered _box_header (2.3ms)
Rendered _spectrum (5.7ms)
Rendered _query_sql (1.9ms)
Rendered _explain (4.4ms)
Rendered _trace (31.0ms)
Rendered _query_with_warning (105.5ms)
Rendered _spectrum (0.4ms)
Rendered _query_sql (0.2ms)
Rendered _explain (0.4ms)
Rendered _trace (26.9ms)
Rendered _query_with_warning (36.9ms)
Rendered _query_sql (0.5ms)
Rendered _explain (1.0ms)
Rendered _trace (12.2ms)
Rendered _box_body (229.7ms)
Rendered _box (370.6ms)
  [4;36;1mSQL (1.9ms)[0m   [0;1mSET NAMES 'utf8'[0m
  [4;35;1mSQL (2.9ms)[0m   [0mSET SQL_AUTO_IS_NULL=0[0m


Processing ForumsController#show (for 127.0.0.1 at 2009-09-17 05:13:08) [GET]
  Parameters: {"id"=>"1"}
  [4;36;1mForum Columns (14.2ms)[0m   [0;1mSHOW FIELDS FROM `forums`[0m
  [4;35;1mForum Load (29.6ms)[0m   [0mSELECT SQL_NO_CACHE * FROM `forums` WHERE (`forums`.`id` = 1) [0m
Rendering template within layouts/forums
Rendering forums/show
  [4;36;1mTopic Columns (3.2ms)[0m   [0;1mSHOW FIELDS FROM `topics`[0m
  [4;35;1mSQL (4.0ms)[0m   [0mSELECT SQL_NO_CACHE count(*) AS count_all FROM `topics` WHERE (`topics`.forum_id = 1) [0m
  [4;36;1mTopic Load (1.3ms)[0m   [0;1mSELECT SQL_NO_CACHE * FROM `topics` WHERE (`topics`.forum_id = 1) [0m
Rendered topics/_topic (6.6ms)

ActionView::TemplateError (undefined method `logged_in?' for #<ForumsController:0x92b673c>) on line #19 of app/views/forums/show.html.erb:
16:       <%= link_to 'New Topic', new_forum_topic_path(@forum) %> |
17:     <%#end%>
18: 
19: <% if is_admin? %>
20:       <%= link_to 'Edit', edit_forum_path(@forum) %> |
21:     <% end %>
22: <%= link_to 'Back', forums_path %>

    app/controllers/application_controller.rb:12:in `is_admin?'
    (eval):2:in `send'
    (eval):2:in `is_admin?'
    app/views/forums/show.html.erb:19
    app/controllers/forums_controller.rb:19:in `show'

Rendered rescues/_trace (254.0ms)
Rendered rescues/_request_and_response (5.6ms)
Rendering rescues/layout (internal_server_error)
Rendered _box_includes (30.7ms)
Rendered _box_header (12.5ms)
Rendered _spectrum (2.8ms)
Rendered _query_sql (3.0ms)
Rendered _explain (4.0ms)
Rendered _trace (20.9ms)
Rendered _query_with_warning (87.9ms)
Rendered _spectrum (0.0ms)
Rendered _query_sql (0.2ms)
Rendered _explain (0.3ms)
Rendered _trace (9.4ms)
Rendered _query_with_warning (26.3ms)
Rendered _query_sql (0.2ms)
Rendered _explain (0.4ms)
Rendered _trace (10.5ms)
Rendered _box_body (196.8ms)
Rendered _box (280.6ms)
  [4;35;1mSQL (0.2ms)[0m   [0mSET NAMES 'utf8'[0m
  [4;36;1mSQL (0.3ms)[0m   [0;1mSET SQL_AUTO_IS_NULL=0[0m


Processing ForumsController#show (for 127.0.0.1 at 2009-09-17 05:13:12) [GET]
  Parameters: {"id"=>"1"}
  [4;35;1mForum Columns (27.4ms)[0m   [0mSHOW FIELDS FROM `forums`[0m
  [4;36;1mForum Load (0.9ms)[0m   [0;1mSELECT SQL_NO_CACHE * FROM `forums` WHERE (`forums`.`id` = 1) [0m
Rendering template within layouts/forums
Rendering forums/show
  [4;35;1mTopic Columns (15.5ms)[0m   [0mSHOW FIELDS FROM `topics`[0m
  [4;36;1mSQL (1.9ms)[0m   [0;1mSELECT SQL_NO_CACHE count(*) AS count_all FROM `topics` WHERE (`topics`.forum_id = 1) [0m
  [4;35;1mTopic Load (2.4ms)[0m   [0mSELECT SQL_NO_CACHE * FROM `topics` WHERE (`topics`.forum_id = 1) [0m
Rendered topics/_topic (17.5ms)

ActionView::TemplateError (undefined method `logged_in?' for #<ForumsController:0x8edf398>) on line #19 of app/views/forums/show.html.erb:
16:       <%= link_to 'New Topic', new_forum_topic_path(@forum) %> |
17:     <%#end%>
18: 
19: <% if is_admin? %>
20:       <%= link_to 'Edit', edit_forum_path(@forum) %> |
21:     <% end %>
22: <%= link_to 'Back', forums_path %>

    app/controllers/application_controller.rb:12:in `is_admin?'
    (eval):2:in `send'
    (eval):2:in `is_admin?'
    app/views/forums/show.html.erb:19
    app/controllers/forums_controller.rb:19:in `show'

Rendered rescues/_trace (209.8ms)
Rendered rescues/_request_and_response (3.4ms)
Rendering rescues/layout (internal_server_error)
Rendered _box_includes (30.3ms)
Rendered _box_header (34.1ms)
Rendered _spectrum (24.3ms)
Rendered _query_sql (4.3ms)
Rendered _explain (13.8ms)
Rendered _trace (42.0ms)
Rendered _query_with_warning (582.4ms)
Rendered _spectrum (0.9ms)
Rendered _query_sql (0.2ms)
Rendered _explain (0.4ms)
Rendered _trace (13.3ms)
Rendered _query_with_warning (22.0ms)
Rendered _query_sql (0.2ms)
Rendered _explain (0.5ms)
Rendered _trace (7.2ms)
Rendered _box_body (706.0ms)
Rendered _box (804.2ms)
  [4;36;1mSQL (2.0ms)[0m   [0;1mSET NAMES 'utf8'[0m
  [4;35;1mSQL (2.7ms)[0m   [0mSET SQL_AUTO_IS_NULL=0[0m


Processing ForumsController#show (for 127.0.0.1 at 2009-09-17 05:14:58) [GET]
  Parameters: {"id"=>"1"}
  [4;36;1mForum Columns (22.9ms)[0m   [0;1mSHOW FIELDS FROM `forums`[0m
  [4;35;1mForum Load (1.5ms)[0m   [0mSELECT SQL_NO_CACHE * FROM `forums` WHERE (`forums`.`id` = 1) [0m
Rendering template within layouts/forums
Rendering forums/show
  [4;36;1mTopic Columns (27.1ms)[0m   [0;1mSHOW FIELDS FROM `topics`[0m
  [4;35;1mSQL (2.5ms)[0m   [0mSELECT SQL_NO_CACHE count(*) AS count_all FROM `topics` WHERE (`topics`.forum_id = 1) [0m
  [4;36;1mTopic Load (1.2ms)[0m   [0;1mSELECT SQL_NO_CACHE * FROM `topics` WHERE (`topics`.forum_id = 1) [0m
Rendered topics/_topic (24.5ms)

ActionView::TemplateError (undefined method `logged_in?' for #<ForumsController:0x92b673c>) on line #19 of app/views/forums/show.html.erb:
16:       <%= link_to 'New Topic', new_forum_topic_path(@forum) %> |
17:     <%#end%>
18: 
19: <% if is_admin? %>
20:       <%= link_to 'Edit', edit_forum_path(@forum) %> |
21:     <% end %>
22: <%= link_to 'Back', forums_path %>

    app/controllers/application_controller.rb:12:in `is_admin?'
    (eval):2:in `send'
    (eval):2:in `is_admin?'
    app/views/forums/show.html.erb:19
    app/controllers/forums_controller.rb:19:in `show'

Rendered rescues/_trace (399.7ms)
Rendered rescues/_request_and_response (18.2ms)
Rendering rescues/layout (internal_server_error)
Rendered _box_includes (44.8ms)
Rendered _box_header (2.1ms)
Rendered _spectrum (3.0ms)
Rendered _query_sql (17.1ms)
Rendered _explain (7.6ms)
Rendered _trace (56.8ms)
Rendered _query_with_warning (181.9ms)
Rendered _spectrum (0.5ms)
Rendered _query_sql (0.2ms)
Rendered _explain (0.3ms)
Rendered _trace (27.8ms)
Rendered _query_with_warning (35.0ms)
Rendered _query_sql (0.2ms)
Rendered _explain (0.0ms)
Rendered _trace (19.9ms)
Rendered _box_body (320.5ms)
Rendered _box (413.4ms)
  [4;35;1mSQL (0.2ms)[0m   [0mSET NAMES 'utf8'[0m
  [4;36;1mSQL (0.4ms)[0m   [0;1mSET SQL_AUTO_IS_NULL=0[0m


Processing ForumsController#show (for 127.0.0.1 at 2009-09-17 05:15:41) [GET]
  Parameters: {"id"=>"1"}
  [4;35;1mForum Columns (7.5ms)[0m   [0mSHOW FIELDS FROM `forums`[0m
  [4;36;1mForum Load (2.2ms)[0m   [0;1mSELECT SQL_NO_CACHE * FROM `forums` WHERE (`forums`.`id` = 1) [0m
Rendering template within layouts/forums
Rendering forums/show
  [4;35;1mTopic Columns (25.4ms)[0m   [0mSHOW FIELDS FROM `topics`[0m
  [4;36;1mSQL (0.9ms)[0m   [0;1mSELECT SQL_NO_CACHE count(*) AS count_all FROM `topics` WHERE (`topics`.forum_id = 1) [0m
  [4;35;1mTopic Load (1.1ms)[0m   [0mSELECT SQL_NO_CACHE * FROM `topics` WHERE (`topics`.forum_id = 1) [0m
Rendered topics/_topic (4.5ms)

ActionView::TemplateError (undefined method `logged_in?' for #<ForumsController:0x8edf398>) on line #19 of app/views/forums/show.html.erb:
16:       <%= link_to 'New Topic', new_forum_topic_path(@forum) %> |
17:     <%#end%>
18: 
19: <% if is_admin? %>
20:       <%= link_to 'Edit', edit_forum_path(@forum) %> |
21:     <% end %>
22: <%= link_to 'Back', forums_path %>

    app/controllers/application_controller.rb:12:in `is_admin?'
    (eval):2:in `send'
    (eval):2:in `is_admin?'
    app/views/forums/show.html.erb:19
    app/controllers/forums_controller.rb:19:in `show'

Rendered rescues/_trace (190.0ms)
Rendered rescues/_request_and_response (0.8ms)
Rendering rescues/layout (internal_server_error)
Rendered _box_includes (31.9ms)
Rendered _box_header (3.9ms)
Rendered _spectrum (3.2ms)
Rendered _query_sql (19.8ms)
Rendered _explain (6.1ms)
Rendered _trace (30.0ms)
Rendered _query_with_warning (332.4ms)
Rendered _spectrum (0.3ms)
Rendered _query_sql (0.3ms)
Rendered _explain (0.3ms)
Rendered _trace (10.9ms)
Rendered _query_with_warning (22.3ms)
Rendered _query_sql (0.5ms)
Rendered _explain (0.4ms)
Rendered _trace (8.2ms)
Rendered _box_body (414.1ms)
Rendered _box (489.4ms)
  [4;36;1mSQL (2.3ms)[0m   [0;1mSET NAMES 'utf8'[0m
  [4;35;1mSQL (2.4ms)[0m   [0mSET SQL_AUTO_IS_NULL=0[0m


Processing ForumsController#show (for 127.0.0.1 at 2009-09-18 00:07:19) [GET]
  Parameters: {"id"=>"1"}
  [4;36;1mForum Columns (26.2ms)[0m   [0;1mSHOW FIELDS FROM `forums`[0m
  [4;35;1mForum Load (3.4ms)[0m   [0mSELECT SQL_NO_CACHE * FROM `forums` WHERE (`forums`.`id` = 1) [0m
Rendering template within layouts/forums
Rendering forums/show
  [4;36;1mTopic Columns (3.5ms)[0m   [0;1mSHOW FIELDS FROM `topics`[0m
  [4;35;1mSQL (1.3ms)[0m   [0mSELECT SQL_NO_CACHE count(*) AS count_all FROM `topics` WHERE (`topics`.forum_id = 1) [0m
  [4;36;1mTopic Load (7.9ms)[0m   [0;1mSELECT SQL_NO_CACHE * FROM `topics` WHERE (`topics`.forum_id = 1) [0m

ActionView::TemplateError (undefined method `logged_in?' for #<ActionView::Base:0x92b6624>) on line #13 of app/views/forums/show.html.erb:
10:   <% end %>
11: <% end %>
12: 
13:  <% if logged_in? %>
14:       <h2>New Post</h2>
15:       <%= render :partial => @topic = Topic.new, :locals => { :button_name => 'Create' } %>
16:       <%= link_to 'New Topic', new_forum_topic_path(@forum) %> |

    app/views/forums/show.html.erb:13
    app/controllers/forums_controller.rb:19:in `show'

Rendered rescues/_trace (336.9ms)
Rendered rescues/_request_and_response (7.5ms)
Rendering rescues/layout (internal_server_error)
Rendered _box_includes (378.6ms)
Rendered _box_header (30.1ms)
Rendered _spectrum (19.0ms)
Rendered _query_sql (9.9ms)
Rendered _explain (12.1ms)
Rendered _trace (58.8ms)
Rendered _query_with_warning (221.8ms)
Rendered _spectrum (4.7ms)
Rendered _query_sql (0.3ms)
Rendered _explain (0.3ms)
Rendered _trace (43.3ms)
Rendered _query_with_warning (57.3ms)
Rendered _query_sql (0.5ms)
Rendered _explain (0.8ms)
Rendered _trace (18.8ms)
Rendered _box_body (363.7ms)
Rendered _box (829.0ms)
  [4;35;1mSQL (0.3ms)[0m   [0mSET NAMES 'utf8'[0m
  [4;36;1mSQL (0.4ms)[0m   [0;1mSET SQL_AUTO_IS_NULL=0[0m


Processing UsersController#index (for 127.0.0.1 at 2009-09-18 00:07:33) [GET]

ActionController::UnknownAction (No action responded to index. Actions: activate, admin_denied, admin_required, change_password, create, destroy, forgot_password, is_admin?, new, purge, reset_password, suspend, and unsuspend):
  

Rendering rescues/layout (not_found)
Rendered _box_includes (82.0ms)
Rendered _box_header (17.5ms)
Rendered _box_body (52.3ms)
Rendered _box (186.3ms)
  [4;35;1mSQL (0.5ms)[0m   [0mSET NAMES 'utf8'[0m
  [4;36;1mSQL (0.6ms)[0m   [0;1mSET SQL_AUTO_IS_NULL=0[0m


Processing UsersController#new (for 127.0.0.1 at 2009-09-18 00:08:14) [GET]
Rendering template within layouts/application
Rendering users/new
Completed in 123ms (View: 107, DB: 1) | 200 OK [http://localhost/users/new]
Rendered _box_includes (30.7ms)
Rendered _box_header (1.2ms)
Rendered _box_body (53.6ms)
Rendered _box (146.4ms)
  [4;35;1mSQL (0.3ms)[0m   [0mSET NAMES 'utf8'[0m
  [4;36;1mSQL (0.5ms)[0m   [0;1mSET SQL_AUTO_IS_NULL=0[0m


Processing ApplicationController#index (for 127.0.0.1 at 2009-09-18 00:08:15) [GET]

ActionController::RoutingError (No route matches "/stylesheets/style.css" with {:method=>:get}):
  

Rendering rescues/layout (not_found)
  [4;35;1mSQL (3.3ms)[0m   [0mSET NAMES 'utf8'[0m
  [4;36;1mSQL (0.8ms)[0m   [0;1mSET SQL_AUTO_IS_NULL=0[0m


Processing UsersController#new (for 127.0.0.1 at 2009-09-18 00:08:25) [GET]
Rendering template within layouts/application
Rendering users/new
Completed in 10ms (View: 8, DB: 4) | 200 OK [http://localhost/signup]
Rendered _box_includes (20.9ms)
Rendered _box_header (20.9ms)
Rendered _box_body (30.5ms)
Rendered _box (154.5ms)
  [4;35;1mSQL (0.3ms)[0m   [0mSET NAMES 'utf8'[0m
  [4;36;1mSQL (2.9ms)[0m   [0;1mSET SQL_AUTO_IS_NULL=0[0m


Processing ApplicationController#index (for 127.0.0.1 at 2009-09-18 00:08:26) [GET]

ActionController::RoutingError (No route matches "/stylesheets/style.css" with {:method=>:get}):
  

Rendering rescues/layout (not_found)
  [4;35;1mSQL (0.3ms)[0m   [0mSET NAMES 'utf8'[0m
  [4;36;1mSQL (0.5ms)[0m   [0;1mSET SQL_AUTO_IS_NULL=0[0m


Processing UsersController#create (for 127.0.0.1 at 2009-09-18 00:08:48) [POST]
  Parameters: {"user"=>{"password_confirmation"=>"ganesh", "password"=>"ganesh", "login"=>"ganesh", "email"=>"ganesh"}, "commit"=>"Sign up", "authenticity_token"=>"KblOBkDCtYpbRwXuhk2OaW6gPnXbwouDNPd5TDng02Q="}
  [4;35;1mUser Columns (3.9ms)[0m   [0mSHOW FIELDS FROM `users`[0m
  [4;36;1mUser Exists (2.0ms)[0m   [0;1mSELECT SQL_NO_CACHE `users`.id FROM `users` WHERE (LOWER(`users`.`login`) = BINARY 'ganesh') LIMIT 1[0m
  [4;35;1mUser Exists (0.8ms)[0m   [0mSELECT SQL_NO_CACHE `users`.id FROM `users` WHERE (LOWER(`users`.`email`) = BINARY 'ganesh') LIMIT 1[0m
  [4;36;1mSQL (3.3ms)[0m   [0;1mBEGIN[0m
  [4;35;1mUser Create (4.4ms)[0m   [0mINSERT INTO `users` (`salt`, `activated_at`, `updated_at`, `crypted_password`, `deleted_at`, `activation_code`, `remember_token_expires_at`, `password_reset_code`, `remember_token`, `login`, `email`, `state`, `created_at`) VALUES('5b256b43c8cf0ca316f40f21ca90c8d5241ddd5f', NULL, '2009-09-18 04:08:48', 'be5a9a1332f1188833cd914ed873ecbc885f24fd', NULL, 'cf3b582c38aef7c4e8d844f13cb4d942bec33922', NULL, NULL, NULL, 'ganesh', 'ganesh', 'pending', '2009-09-18 04:08:48')[0m
  [4;36;1mSQL (13.7ms)[0m   [0;1mROLLBACK[0m

NameError (uninitialized constant UserMailer::SITE):
  app/models/user_mailer.rb:6:in `signup_notification'
  app/models/user_observer.rb:3:in `after_create'
  /opt/ruby-enterprise-1.8.6-20090113/lib/ruby/1.8/observer.rb:185:in `notify_observers'
  /opt/ruby-enterprise-1.8.6-20090113/lib/ruby/1.8/observer.rb:184:in `each'
  /opt/ruby-enterprise-1.8.6-20090113/lib/ruby/1.8/observer.rb:184:in `notify_observers'
  app/controllers/users_controller.rb:21:in `create'

Rendered rescues/_trace (372.0ms)
Rendered rescues/_request_and_response (0.7ms)
Rendering rescues/layout (internal_server_error)
Rendered _box_includes (59.1ms)
Rendered _box_header (23.7ms)
Rendered _spectrum (3.1ms)
Rendered _query_sql (1.9ms)
Rendered _explain (7.4ms)
Rendered _trace (49.3ms)
Rendered _query_with_warning (216.3ms)
Rendered _spectrum (0.4ms)
Rendered _query_sql (0.4ms)
Rendered _explain (0.6ms)
Rendered _trace (37.7ms)
Rendered _query_with_warning (68.3ms)
Rendered _query_sql (0.3ms)
Rendered _explain (0.2ms)
Rendered _trace (55.7ms)
Rendered _box_body (818.5ms)
Rendered _box (940.5ms)
  [4;36;1mSQL (0.7ms)[0m   [0;1mSET NAMES 'utf8'[0m
  [4;35;1mSQL (0.3ms)[0m   [0mSET SQL_AUTO_IS_NULL=0[0m


Processing UsersController#new (for 127.0.0.1 at 2009-09-18 00:13:04) [GET]
Rendering template within layouts/application
Rendering users/new
Completed in 109ms (View: 104, DB: 1) | 200 OK [http://localhost/users/new]
Rendered _box_includes (26.7ms)
Rendered _box_header (1.4ms)
Rendered _box_body (38.9ms)
Rendered _box (136.9ms)
  [4;36;1mSQL (0.4ms)[0m   [0;1mSET NAMES 'utf8'[0m
  [4;35;1mSQL (0.3ms)[0m   [0mSET SQL_AUTO_IS_NULL=0[0m


Processing ApplicationController#index (for 127.0.0.1 at 2009-09-18 00:13:05) [GET]

ActionController::RoutingError (No route matches "/stylesheets/style.css" with {:method=>:get}):
  

Rendering rescues/layout (not_found)
  [4;36;1mSQL (0.3ms)[0m   [0;1mSET NAMES 'utf8'[0m
  [4;35;1mSQL (0.6ms)[0m   [0mSET SQL_AUTO_IS_NULL=0[0m


Processing UsersController#create (for 127.0.0.1 at 2009-09-18 00:13:21) [POST]
  Parameters: {"user"=>{"password_confirmation"=>"ganesh", "password"=>"ganesh", "login"=>"ganesh", "email"=>"ganesh@ganesh.com"}, "commit"=>"Sign up", "authenticity_token"=>"KblOBkDCtYpbRwXuhk2OaW6gPnXbwouDNPd5TDng02Q="}
  [4;36;1mUser Columns (17.8ms)[0m   [0;1mSHOW FIELDS FROM `users`[0m
  [4;35;1mUser Exists (1.1ms)[0m   [0mSELECT SQL_NO_CACHE `users`.id FROM `users` WHERE (LOWER(`users`.`login`) = BINARY 'ganesh') LIMIT 1[0m
  [4;36;1mUser Exists (2.2ms)[0m   [0;1mSELECT SQL_NO_CACHE `users`.id FROM `users` WHERE (LOWER(`users`.`email`) = BINARY 'ganesh@ganesh.com') LIMIT 1[0m
  [4;35;1mSQL (4.2ms)[0m   [0mBEGIN[0m
  [4;36;1mUser Create (7.9ms)[0m   [0;1mINSERT INTO `users` (`salt`, `activated_at`, `updated_at`, `crypted_password`, `deleted_at`, `activation_code`, `remember_token_expires_at`, `password_reset_code`, `remember_token`, `login`, `email`, `state`, `created_at`) VALUES('2a21afd1ff535b94a260462c8245c98bde1e3d59', NULL, '2009-09-18 04:13:22', '77e556692899908c1568edf546530026e3218354', NULL, '4638e57cc3c391a82f2340f4256d9f5bca44e158', NULL, NULL, NULL, 'ganesh', 'ganesh@ganesh.com', 'pending', '2009-09-18 04:13:22')[0m
Sent mail to ganesh@ganesh.com

Date: Fri, 18 Sep 2009 00:13:22 -0400
From: "Rails Forum Admin"
To: ganesh@ganesh.com
Subject: [Rails Forum] New account information Please activate your new account
Mime-Version: 1.0
Content-Type: text/plain; charset=utf-8

Your account has been created.

  Username: ganesh
  Password: ganesh

Visit this url to activate your account:

  http://localhost:3010/activate/11614afa1c09b418b876a88b4c03ac9d58aca4a9
  [4;35;1mSQL (14.0ms)[0m   [0mCOMMIT[0m
Rendering template within layouts/application
Rendering users/create
Completed in 1517ms (View: 38, DB: 53) | 200 OK [http://localhost/users]
Rendered _box_includes (40.7ms)
Rendered _box_header (3.0ms)
Rendered _spectrum (2.4ms)
Rendered _query_sql (6.5ms)
Rendered _explain (23.0ms)
Rendered _trace (1021.7ms)
Rendered _query_with_warning (1242.9ms)
Rendered _spectrum (3.2ms)
Rendered _query_sql (0.2ms)
Rendered _explain (0.4ms)
Rendered _trace (16.8ms)
Rendered _query_with_warning (25.9ms)
Rendered _query_sql (0.2ms)
Rendered _explain (0.1ms)
Rendered _trace (18.7ms)
Rendered _box_body (1445.3ms)
Rendered _box (1670.8ms)
  [4;36;1mSQL (48.9ms)[0m   [0;1mSET NAMES 'utf8'[0m
  [4;35;1mSQL (1.2ms)[0m   [0mSET SQL_AUTO_IS_NULL=0[0m


Processing ApplicationController#index (for 127.0.0.1 at 2009-09-18 00:13:25) [GET]

ActionController::RoutingError (No route matches "/stylesheets/style.css" with {:method=>:get}):
  

Rendering rescues/layout (not_found)
  [4;36;1mSQL (0.7ms)[0m   [0;1mSET NAMES 'utf8'[0m
  [4;35;1mSQL (0.4ms)[0m   [0mSET SQL_AUTO_IS_NULL=0[0m


Processing UsersController#new (for 127.0.0.1 at 2009-09-18 00:13:46) [GET]
Rendering template within layouts/application
Rendering users/new
Completed in 14ms (View: 5, DB: 1) | 200 OK [http://localhost/signup]
Rendered _box_includes (20.5ms)
Rendered _box_header (1.3ms)
Rendered _box_body (59.7ms)
Rendered _box (157.7ms)
  [4;36;1mSQL (6.8ms)[0m   [0;1mSET NAMES 'utf8'[0m
  [4;35;1mSQL (0.3ms)[0m   [0mSET SQL_AUTO_IS_NULL=0[0m


Processing ApplicationController#index (for 127.0.0.1 at 2009-09-18 00:13:46) [GET]

ActionController::RoutingError (No route matches "/stylesheets/style.css" with {:method=>:get}):
  

Rendering rescues/layout (not_found)
  [4;36;1mSQL (0.4ms)[0m   [0;1mSET NAMES 'utf8'[0m
  [4;35;1mSQL (0.4ms)[0m   [0mSET SQL_AUTO_IS_NULL=0[0m


Processing ApplicationController#index (for 127.0.0.1 at 2009-09-18 00:14:27) [GET]

ActionController::RoutingError (No route matches "/contact" with {:method=>:get}):
  

Rendering rescues/layout (not_found)
  [4;36;1mSQL (0.3ms)[0m   [0;1mSET NAMES 'utf8'[0m
  [4;35;1mSQL (0.5ms)[0m   [0mSET SQL_AUTO_IS_NULL=0[0m


Processing SessionsController#new (for 127.0.0.1 at 2009-09-18 00:14:33) [GET]
Rendering template within layouts/application
Rendering sessions/new
Completed in 122ms (View: 114, DB: 1) | 200 OK [http://localhost/login]
Rendered _box_includes (84.3ms)
Rendered _box_header (1.4ms)
Rendered _box_body (10.2ms)
Rendered _box (152.5ms)
  [4;36;1mSQL (0.3ms)[0m   [0;1mSET NAMES 'utf8'[0m
  [4;35;1mSQL (0.7ms)[0m   [0mSET SQL_AUTO_IS_NULL=0[0m


Processing ApplicationController#index (for 127.0.0.1 at 2009-09-18 00:14:34) [GET]

ActionController::RoutingError (No route matches "/stylesheets/style.css" with {:method=>:get}):
  

Rendering rescues/layout (not_found)
  [4;36;1mSQL (0.5ms)[0m   [0;1mSET NAMES 'utf8'[0m
  [4;35;1mSQL (1.6ms)[0m   [0mSET SQL_AUTO_IS_NULL=0[0m


Processing SessionsController#create (for 127.0.0.1 at 2009-09-18 00:14:45) [POST]
  Parameters: {"commit"=>"Log in", "authenticity_token"=>"KblOBkDCtYpbRwXuhk2OaW6gPnXbwouDNPd5TDng02Q=", "login"=>"ganesh", "password"=>"ganesh"}
  [4;36;1mUser Load (1.3ms)[0m   [0;1mSELECT SQL_NO_CACHE * FROM `users` WHERE (`users`.`login` = 'ganesh') AND (users.state = 'active') LIMIT 1[0m
Rendering template within layouts/application
Rendering sessions/new
Completed in 77ms (View: 23, DB: 5) | 200 OK [http://localhost/session]
Rendered _box_includes (63.7ms)
Rendered _box_header (5.9ms)
Rendered _spectrum (2.0ms)
Rendered _query_sql (3.6ms)
Rendered _explain (34.4ms)
Rendered _trace (30.1ms)
Rendered _query_with_warning (98.6ms)
Rendered _box_body (574.7ms)
Rendered _box (776.7ms)
  [4;35;1mSQL (0.6ms)[0m   [0mSET NAMES 'utf8'[0m
  [4;36;1mSQL (0.7ms)[0m   [0;1mSET SQL_AUTO_IS_NULL=0[0m


Processing ApplicationController#index (for 127.0.0.1 at 2009-09-18 00:14:46) [GET]

ActionController::RoutingError (No route matches "/stylesheets/style.css" with {:method=>:get}):
  

Rendering rescues/layout (not_found)
  [4;35;1mSQL (0.3ms)[0m   [0mSET NAMES 'utf8'[0m
  [4;36;1mSQL (0.3ms)[0m   [0;1mSET SQL_AUTO_IS_NULL=0[0m


Processing UsersController#new (for 127.0.0.1 at 2009-09-18 00:15:03) [GET]
Rendering template within layouts/application
Rendering users/new
Completed in 22ms (View: 18, DB: 1) | 200 OK [http://localhost/signup]
Rendered _box_includes (33.2ms)
Rendered _box_header (1.8ms)
Rendered _box_body (49.0ms)
Rendered _box (134.0ms)
  [4;35;1mSQL (1.1ms)[0m   [0mSET NAMES 'utf8'[0m
  [4;36;1mSQL (28.7ms)[0m   [0;1mSET SQL_AUTO_IS_NULL=0[0m


Processing ApplicationController#index (for 127.0.0.1 at 2009-09-18 00:15:03) [GET]

ActionController::RoutingError (No route matches "/stylesheets/style.css" with {:method=>:get}):
  

Rendering rescues/layout (not_found)
  [4;35;1mSQL (2.3ms)[0m   [0mSET NAMES 'utf8'[0m
  [4;36;1mSQL (0.4ms)[0m   [0;1mSET SQL_AUTO_IS_NULL=0[0m


Processing UsersController#create (for 127.0.0.1 at 2009-09-18 00:15:22) [POST]
  Parameters: {"user"=>{"password_confirmation"=>"ganesh", "password"=>"ganesh", "login"=>"ganesh", "email"=>"ganeshprasadsr@rediffmail.com"}, "commit"=>"Sign up", "authenticity_token"=>"KblOBkDCtYpbRwXuhk2OaW6gPnXbwouDNPd5TDng02Q="}
  [4;35;1mUser Columns (12.7ms)[0m   [0mSHOW FIELDS FROM `users`[0m
  [4;36;1mUser Exists (3.1ms)[0m   [0;1mSELECT SQL_NO_CACHE `users`.id FROM `users` WHERE (LOWER(`users`.`login`) = BINARY 'ganesh') LIMIT 1[0m
  [4;35;1mUser Exists (2.0ms)[0m   [0mSELECT SQL_NO_CACHE `users`.id FROM `users` WHERE (LOWER(`users`.`email`) = BINARY 'ganeshprasadsr@rediffmail.com') LIMIT 1[0m
Rendering template within layouts/application
Rendering users/new
Completed in 177ms (View: 73, DB: 70) | 200 OK [http://localhost/users]
Rendered _box_includes (32.9ms)
Rendered _box_header (2.7ms)
Rendered _spectrum (2.2ms)
Rendered _query_sql (1.8ms)
Rendered _explain (3.9ms)
Rendered _trace (37.8ms)
Rendered _query_with_warning (180.2ms)
Rendered _spectrum (0.7ms)
Rendered _query_sql (0.2ms)
Rendered _explain (0.3ms)
Rendered _trace (16.0ms)
Rendered _query_with_warning (75.0ms)
Rendered _box_body (335.6ms)
Rendered _box (432.2ms)
  [4;36;1mSQL (0.5ms)[0m   [0;1mSET NAMES 'utf8'[0m
  [4;35;1mSQL (0.3ms)[0m   [0mSET SQL_AUTO_IS_NULL=0[0m


Processing ApplicationController#index (for 127.0.0.1 at 2009-09-18 00:15:23) [GET]

ActionController::RoutingError (No route matches "/stylesheets/style.css" with {:method=>:get}):
  

Rendering rescues/layout (not_found)
  [4;36;1mSQL (0.2ms)[0m   [0;1mSET NAMES 'utf8'[0m
  [4;35;1mSQL (0.4ms)[0m   [0mSET SQL_AUTO_IS_NULL=0[0m


Processing UsersController#create (for 127.0.0.1 at 2009-09-18 00:15:38) [POST]
  Parameters: {"user"=>{"password_confirmation"=>"ganesh", "password"=>"ganesh", "login"=>"ganeshprasad", "email"=>"ganeshprasadsr@rediffmail.com"}, "commit"=>"Sign up", "authenticity_token"=>"KblOBkDCtYpbRwXuhk2OaW6gPnXbwouDNPd5TDng02Q="}
  [4;36;1mUser Columns (3.3ms)[0m   [0;1mSHOW FIELDS FROM `users`[0m
  [4;35;1mUser Exists (1.3ms)[0m   [0mSELECT SQL_NO_CACHE `users`.id FROM `users` WHERE (LOWER(`users`.`login`) = BINARY 'ganeshprasad') LIMIT 1[0m
  [4;36;1mUser Exists (0.8ms)[0m   [0;1mSELECT SQL_NO_CACHE `users`.id FROM `users` WHERE (LOWER(`users`.`email`) = BINARY 'ganeshprasadsr@rediffmail.com') LIMIT 1[0m
  [4;35;1mSQL (15.5ms)[0m   [0mBEGIN[0m
  [4;36;1mUser Create (6.8ms)[0m   [0;1mINSERT INTO `users` (`salt`, `activated_at`, `updated_at`, `crypted_password`, `deleted_at`, `activation_code`, `remember_token_expires_at`, `password_reset_code`, `remember_token`, `login`, `email`, `state`, `created_at`) VALUES('7954ab1b19378b70c8718455394d6be5830fac62', NULL, '2009-09-18 04:15:39', 'edd7ac7ef2c725c91c829c4106bf91964f794b63', NULL, 'd2300363063af52acee57f9a6ec37526350514b8', NULL, NULL, NULL, 'ganeshprasad', 'ganeshprasadsr@rediffmail.com', 'pending', '2009-09-18 04:15:39')[0m
Sent mail to ganeshprasadsr@rediffmail.com

Date: Fri, 18 Sep 2009 00:15:39 -0400
From: "Rails Forum Admin"
To: ganeshprasadsr@rediffmail.com
Subject: [Rails Forum] New account information Please activate your new account
Mime-Version: 1.0
Content-Type: text/plain; charset=utf-8

Your account has been created.

  Username: ganeshprasad
  Password: ganesh

Visit this url to activate your account:

  http://localhost:3010/activate/5a4c857684c920509f7a579c5eed3520f53c677c
  [4;35;1mSQL (11.6ms)[0m   [0mCOMMIT[0m
Rendering template within layouts/application
Rendering users/create
Completed in 259ms (View: 6, DB: 50) | 200 OK [http://localhost/users]
Rendered _box_includes (41.9ms)
Rendered _box_header (2.7ms)
Rendered _spectrum (10.8ms)
Rendered _query_sql (13.9ms)
Rendered _explain (40.4ms)
Rendered _trace (26.0ms)
Rendered _query_with_warning (156.8ms)
Rendered _spectrum (0.3ms)
Rendered _query_sql (0.4ms)
Rendered _explain (0.9ms)
Rendered _trace (39.7ms)
Rendered _query_with_warning (47.5ms)
Rendered _query_sql (0.6ms)
Rendered _explain (0.8ms)
Rendered _trace (14.9ms)
Rendered _box_body (348.6ms)
Rendered _box (425.4ms)
  [4;36;1mSQL (0.2ms)[0m   [0;1mSET NAMES 'utf8'[0m
  [4;35;1mSQL (4.2ms)[0m   [0mSET SQL_AUTO_IS_NULL=0[0m


Processing ApplicationController#index (for 127.0.0.1 at 2009-09-18 00:15:40) [GET]

ActionController::RoutingError (No route matches "/stylesheets/style.css" with {:method=>:get}):
  

Rendering rescues/layout (not_found)
  [4;36;1mSQL (0.3ms)[0m   [0;1mSET NAMES 'utf8'[0m
  [4;35;1mSQL (6.8ms)[0m   [0mSET SQL_AUTO_IS_NULL=0[0m


Processing UsersController#show (for 127.0.0.1 at 2009-09-18 00:17:48) [GET]
  Parameters: {"id"=>"login"}

ActionController::UnknownAction (No action responded to show. Actions: activate, admin_denied, admin_required, change_password, create, destroy, forgot_password, is_admin?, new, purge, reset_password, suspend, and unsuspend):
  

Rendering rescues/layout (not_found)
Rendered _box_includes (71.0ms)
Rendered _box_header (1.1ms)
Rendered _box_body (25.3ms)
Rendered _box (162.1ms)
  [4;36;1mSQL (0.5ms)[0m   [0;1mSET NAMES 'utf8'[0m
  [4;35;1mSQL (2.0ms)[0m   [0mSET SQL_AUTO_IS_NULL=0[0m


Processing UsersController#index (for 127.0.0.1 at 2009-09-18 00:17:54) [GET]

ActionController::UnknownAction (No action responded to index. Actions: activate, admin_denied, admin_required, change_password, create, destroy, forgot_password, is_admin?, new, purge, reset_password, suspend, and unsuspend):
  

Rendering rescues/layout (not_found)
Rendered _box_includes (39.1ms)
Rendered _box_header (1.3ms)
Rendered _box_body (19.5ms)
Rendered _box (87.6ms)
  [4;36;1mSQL (0.2ms)[0m   [0;1mSET NAMES 'utf8'[0m
  [4;35;1mSQL (0.7ms)[0m   [0mSET SQL_AUTO_IS_NULL=0[0m


Processing UsersController#new (for 127.0.0.1 at 2009-09-18 00:18:00) [GET]
Rendering template within layouts/application
Rendering users/new
Completed in 41ms (View: 18, DB: 1) | 200 OK [http://localhost/users/new]
Rendered _box_includes (407.8ms)
Rendered _box_header (1.4ms)
Rendered _box_body (30.1ms)
Rendered _box (472.3ms)
  [4;36;1mSQL (0.2ms)[0m   [0;1mSET NAMES 'utf8'[0m
  [4;35;1mSQL (3.2ms)[0m   [0mSET SQL_AUTO_IS_NULL=0[0m


Processing ApplicationController#index (for 127.0.0.1 at 2009-09-18 00:18:01) [GET]

ActionController::RoutingError (No route matches "/stylesheets/style.css" with {:method=>:get}):
  

Rendering rescues/layout (not_found)
  [4;36;1mSQL (1.0ms)[0m   [0;1mSET NAMES 'utf8'[0m
  [4;35;1mSQL (2.9ms)[0m   [0mSET SQL_AUTO_IS_NULL=0[0m


Processing SessionsController#new (for 127.0.0.1 at 2009-09-18 00:18:06) [GET]
Rendering template within layouts/application
Rendering sessions/new
Completed in 31ms (View: 27, DB: 4) | 200 OK [http://localhost/login]
Rendered _box_includes (59.7ms)
Rendered _box_header (1.9ms)
Rendered _box_body (41.6ms)
Rendered _box (195.3ms)
  [4;36;1mSQL (0.3ms)[0m   [0;1mSET NAMES 'utf8'[0m
  [4;35;1mSQL (1.5ms)[0m   [0mSET SQL_AUTO_IS_NULL=0[0m


Processing ApplicationController#index (for 127.0.0.1 at 2009-09-18 00:18:07) [GET]

ActionController::RoutingError (No route matches "/stylesheets/style.css" with {:method=>:get}):
  

Rendering rescues/layout (not_found)
  [4;36;1mSQL (0.3ms)[0m   [0;1mSET NAMES 'utf8'[0m
  [4;35;1mSQL (0.3ms)[0m   [0mSET SQL_AUTO_IS_NULL=0[0m


Processing SessionsController#create (for 127.0.0.1 at 2009-09-18 00:18:18) [POST]
  Parameters: {"commit"=>"Log in", "authenticity_token"=>"KblOBkDCtYpbRwXuhk2OaW6gPnXbwouDNPd5TDng02Q=", "login"=>"ganeshprasad", "password"=>"ganesh"}
  [4;36;1mUser Load (1.6ms)[0m   [0;1mSELECT SQL_NO_CACHE * FROM `users` WHERE (`users`.`login` = 'ganeshprasad') AND (users.state = 'active') LIMIT 1[0m
Rendering template within layouts/application
Rendering sessions/new
Completed in 34ms (View: 4, DB: 16) | 200 OK [http://localhost/session]
Rendered _box_includes (36.7ms)
Rendered _box_header (22.5ms)
Rendered _spectrum (16.6ms)
Rendered _query_sql (4.4ms)
Rendered _explain (6.3ms)
Rendered _trace (21.9ms)
Rendered _query_with_warning (227.4ms)
Rendered _box_body (271.4ms)
Rendered _box (400.6ms)
  [4;35;1mSQL (0.4ms)[0m   [0mSET NAMES 'utf8'[0m
  [4;36;1mSQL (0.5ms)[0m   [0;1mSET SQL_AUTO_IS_NULL=0[0m


Processing ApplicationController#index (for 127.0.0.1 at 2009-09-18 00:18:20) [GET]

ActionController::RoutingError (No route matches "/stylesheets/style.css" with {:method=>:get}):
  

Rendering rescues/layout (not_found)
  [4;35;1mSQL (0.6ms)[0m   [0mSET NAMES 'utf8'[0m
  [4;36;1mSQL (3.2ms)[0m   [0;1mSET SQL_AUTO_IS_NULL=0[0m


Processing SessionsController#create (for 127.0.0.1 at 2009-09-18 00:18:34) [POST]
  Parameters: {"commit"=>"Log in", "authenticity_token"=>"KblOBkDCtYpbRwXuhk2OaW6gPnXbwouDNPd5TDng02Q=", "login"=>"ganeshprasad", "password"=>"ganesh"}
  [4;35;1mUser Load (2.0ms)[0m   [0mSELECT SQL_NO_CACHE * FROM `users` WHERE (`users`.`login` = 'ganeshprasad') AND (users.state = 'active') LIMIT 1[0m
Rendering template within layouts/application
Rendering sessions/new
Completed in 29ms (View: 4, DB: 13) | 200 OK [http://localhost/session]
Rendered _box_includes (73.9ms)
Rendered _box_header (1.6ms)
Rendered _spectrum (2.1ms)
Rendered _query_sql (7.7ms)
Rendered _explain (3.6ms)
Rendered _trace (23.4ms)
Rendered _query_with_warning (444.7ms)
Rendered _box_body (508.3ms)
Rendered _box (648.4ms)
  [4;36;1mSQL (4.0ms)[0m   [0;1mSET NAMES 'utf8'[0m
  [4;35;1mSQL (0.3ms)[0m   [0mSET SQL_AUTO_IS_NULL=0[0m


Processing ApplicationController#index (for 127.0.0.1 at 2009-09-18 00:18:35) [GET]

ActionController::RoutingError (No route matches "/stylesheets/style.css" with {:method=>:get}):
  

Rendering rescues/layout (not_found)
  [4;36;1mSQL (0.2ms)[0m   [0;1mSET NAMES 'utf8'[0m
  [4;35;1mSQL (5.7ms)[0m   [0mSET SQL_AUTO_IS_NULL=0[0m


Processing UsersController#forgot_password (for 127.0.0.1 at 2009-09-18 00:18:42) [GET]
Rendering template within layouts/application
Rendering users/forgot_password
Completed in 65ms (View: 48, DB: 6) | 200 OK [http://localhost/forgot_password]
Rendered _box_includes (70.7ms)
Rendered _box_header (38.1ms)
Rendered _box_body (38.9ms)
Rendered _box (193.2ms)
  [4;36;1mSQL (0.2ms)[0m   [0;1mSET NAMES 'utf8'[0m
  [4;35;1mSQL (0.3ms)[0m   [0mSET SQL_AUTO_IS_NULL=0[0m


Processing ApplicationController#index (for 127.0.0.1 at 2009-09-18 00:18:43) [GET]

ActionController::RoutingError (No route matches "/stylesheets/style.css" with {:method=>:get}):
  

Rendering rescues/layout (not_found)
  [4;36;1mSQL (0.3ms)[0m   [0;1mSET NAMES 'utf8'[0m
  [4;35;1mSQL (0.3ms)[0m   [0mSET SQL_AUTO_IS_NULL=0[0m


Processing UsersController#forgot_password (for 127.0.0.1 at 2009-09-18 00:18:58) [POST]
  Parameters: {"user"=>{"email"=>"ganeshprasadsr@rediffmail.com"}, "commit"=>"Send", "authenticity_token"=>"KblOBkDCtYpbRwXuhk2OaW6gPnXbwouDNPd5TDng02Q="}
  [4;36;1mUser Columns (5.2ms)[0m   [0;1mSHOW FIELDS FROM `users`[0m
  [4;35;1mUser Load (2.1ms)[0m   [0mSELECT SQL_NO_CACHE * FROM `users` WHERE (`users`.`email` = 'ganeshprasadsr@rediffmail.com') LIMIT 1[0m
  [4;36;1mSQL (11.7ms)[0m   [0;1mBEGIN[0m
  [4;35;1mUser Exists (2.3ms)[0m   [0mSELECT SQL_NO_CACHE `users`.id FROM `users` WHERE (LOWER(`users`.`login`) = BINARY 'ganeshprasad' AND `users`.id <> 3) LIMIT 1[0m
  [4;36;1mUser Exists (1.3ms)[0m   [0;1mSELECT SQL_NO_CACHE `users`.id FROM `users` WHERE (LOWER(`users`.`email`) = BINARY 'ganeshprasadsr@rediffmail.com' AND `users`.id <> 3) LIMIT 1[0m
  [4;35;1mUser Update (11.0ms)[0m   [0mUPDATE `users` SET `password_reset_code` = '80c4006ce53aa9378e8b49f4655d10d2f38c3efc', `updated_at` = '2009-09-18 04:18:58' WHERE `id` = 3[0m
Sent mail to ganeshprasadsr@rediffmail.com

Date: Fri, 18 Sep 2009 00:18:58 -0400
From: "Rails Forum Admin"
To: ganeshprasadsr@rediffmail.com
Subject: [Rails Forum] New account information You have requested to change your password
Mime-Version: 1.0
Content-Type: text/plain; charset=utf-8

Dear ganeshprasad,

We have had a request to reset your password, please visit
http://localhost:3010/reset_password/80c4006ce53aa9378e8b49f4655d10d2f38c3efc    
      
#reset_password.html.erb

Your have reset the password for your account successfully.

Username: ganeshprasad
Password: 
  [4;36;1mSQL (14.2ms)[0m   [0;1mCOMMIT[0m
Redirected to http://localhost:3010/
Completed in 277ms (DB: 81) | 302 Found [http://localhost/forgot_password]
Rendered _box_includes (96.1ms)
Rendered _box_header (3.6ms)
Rendered _spectrum (2.2ms)
Rendered _query_sql (3.3ms)
Rendered _explain (4.4ms)
Rendered _trace (43.9ms)
Rendered _query_with_warning (172.2ms)
Rendered _query_sql (0.0ms)
Rendered _explain (0.6ms)
Rendered _trace (31.4ms)
Rendered _query_sql (0.5ms)
Rendered _explain (0.8ms)
Rendered _trace (53.0ms)
Rendered _query_sql (0.5ms)
Rendered _explain (0.9ms)
Rendered _trace (18.3ms)
Rendered _box_body (410.6ms)
Rendered _box (596.6ms)
  [4;35;1mSQL (0.7ms)[0m   [0mSET NAMES 'utf8'[0m
  [4;36;1mSQL (2.9ms)[0m   [0;1mSET SQL_AUTO_IS_NULL=0[0m


Processing ForumsController#index (for 127.0.0.1 at 2009-09-18 00:20:44) [GET]
  [4;35;1mForum Load (2.3ms)[0m   [0mSELECT SQL_NO_CACHE * FROM `forums` [0m
Rendering template within layouts/forums
Rendering forums/index
  [4;36;1mForum Columns (3.9ms)[0m   [0;1mSHOW FIELDS FROM `forums`[0m
Completed in 223ms (View: 138, DB: 19) | 200 OK [http://localhost/]
Rendered _box_includes (38.9ms)
Rendered _box_header (2.2ms)
Rendered _spectrum (29.1ms)
Rendered _query_sql (11.4ms)
Rendered _explain (7.6ms)
Rendered _trace (26.5ms)
Rendered _query_with_warning (119.8ms)
Rendered _box_body (182.9ms)
Rendered _box (283.8ms)
  [4;35;1mSQL (7.9ms)[0m   [0mSET NAMES 'utf8'[0m
  [4;36;1mSQL (0.5ms)[0m   [0;1mSET SQL_AUTO_IS_NULL=0[0m


Processing ForumsController#show (for 127.0.0.1 at 2009-09-18 00:20:52) [GET]
  Parameters: {"id"=>"1"}
  [4;35;1mForum Columns (3.1ms)[0m   [0mSHOW FIELDS FROM `forums`[0m
  [4;36;1mForum Load (1.2ms)[0m   [0;1mSELECT SQL_NO_CACHE * FROM `forums` WHERE (`forums`.`id` = 1) [0m
Rendering template within layouts/forums
Rendering forums/show
  [4;35;1mTopic Columns (23.8ms)[0m   [0mSHOW FIELDS FROM `topics`[0m
  [4;36;1mSQL (1.3ms)[0m   [0;1mSELECT SQL_NO_CACHE count(*) AS count_all FROM `topics` WHERE (`topics`.forum_id = 1) [0m
  [4;35;1mTopic Load (2.8ms)[0m   [0mSELECT SQL_NO_CACHE * FROM `topics` WHERE (`topics`.forum_id = 1) [0m

ActionView::TemplateError (undefined method `logged_in?' for #<ActionView::Base:0xa6bd564>) on line #13 of app/views/forums/show.html.erb:
10:   <% end %>
11: <% end %>
12: 
13:  <% if logged_in? %>
14:       <h2>New Post</h2>
15:       <%= render :partial => @topic = Topic.new, :locals => { :button_name => 'Create' } %>
16:       <%= link_to 'New Topic', new_forum_topic_path(@forum) %> |

    app/views/forums/show.html.erb:13
    app/controllers/forums_controller.rb:19:in `show'

Rendered rescues/_trace (246.1ms)
Rendered rescues/_request_and_response (3.0ms)
Rendering rescues/layout (internal_server_error)
Rendered _box_includes (30.8ms)
Rendered _box_header (4.1ms)
Rendered _spectrum (2.2ms)
Rendered _query_sql (19.4ms)
Rendered _explain (29.7ms)
Rendered _trace (32.8ms)
Rendered _query_with_warning (172.7ms)
Rendered _spectrum (0.3ms)
Rendered _query_sql (0.2ms)
Rendered _explain (0.4ms)
Rendered _trace (440.7ms)
Rendered _query_with_warning (449.7ms)
Rendered _query_sql (0.2ms)
Rendered _explain (0.3ms)
Rendered _trace (6.0ms)
Rendered _box_body (697.7ms)
Rendered _box (773.8ms)
  [4;36;1mSQL (0.4ms)[0m   [0;1mSET NAMES 'utf8'[0m
  [4;35;1mSQL (0.2ms)[0m   [0mSET SQL_AUTO_IS_NULL=0[0m


Processing ForumsController#edit (for 127.0.0.1 at 2009-09-18 00:20:59) [GET]
  Parameters: {"id"=>"1"}
  [4;36;1mForum Columns (11.2ms)[0m   [0;1mSHOW FIELDS FROM `forums`[0m
  [4;35;1mForum Load (1.5ms)[0m   [0mSELECT SQL_NO_CACHE * FROM `forums` WHERE (`forums`.`id` = 1) [0m
Rendering template within layouts/forums
Rendering forums/edit
Completed in 183ms (View: 91, DB: 21) | 200 OK [http://localhost/forums/1/edit]
Rendered _box_includes (62.5ms)
Rendered _box_header (1.5ms)
Rendered _query_sql (1.7ms)
Rendered _explain (3.7ms)
Rendered _trace (18.9ms)
Rendered _box_body (160.4ms)
Rendered _box (318.1ms)
  [4;36;1mSQL (1.2ms)[0m   [0;1mSET NAMES 'utf8'[0m
  [4;35;1mSQL (0.3ms)[0m   [0mSET SQL_AUTO_IS_NULL=0[0m


Processing UsersController#new (for 127.0.0.1 at 2009-09-18 00:21:20) [GET]
Rendering template within layouts/application
Rendering users/new
Completed in 29ms (View: 25, DB: 2) | 200 OK [http://localhost/signup]
Rendered _box_includes (103.1ms)
Rendered _box_header (18.8ms)
Rendered _box_body (404.9ms)
Rendered _box (542.2ms)
  [4;36;1mSQL (0.3ms)[0m   [0;1mSET NAMES 'utf8'[0m
  [4;35;1mSQL (0.3ms)[0m   [0mSET SQL_AUTO_IS_NULL=0[0m


Processing ApplicationController#index (for 127.0.0.1 at 2009-09-18 00:21:21) [GET]

ActionController::RoutingError (No route matches "/stylesheets/style.css" with {:method=>:get}):
  

Rendering rescues/layout (not_found)
